2024-03-10 01:32:04,080:common_utils:INFO:Updated server timestamp: 1710059524345
2024-03-10 01:44:04,603:binance_c2c:INFO:Message sent
2024-03-10 01:44:09,605:binance_c2c:INFO:Message sent
2024-03-10 01:44:09,605:binance_c2c:INFO:Message sent
2024-03-10 01:44:13,350:fetch_outlook:WARNING:Token expires in: 2024-03-10 02:44:13.350728
2024-03-10 01:44:13,763:ip_info_io:INFO:Getting IP details for: 187.190.138.87
2024-03-10 01:44:14,109:verify_client_ip:INFO:IP from Country: MX
2024-03-10 01:45:40,984:binance_c2c:ERROR:An unexpected error occurred:
Traceback (most recent call last):
  File "C:\Users\p7016\AppData\Local\Programs\Python\Python310\lib\site-packages\websockets\legacy\protocol.py", line 963, in transfer_data
    message = await self.read_message()
  File "C:\Users\p7016\AppData\Local\Programs\Python\Python310\lib\site-packages\websockets\legacy\protocol.py", line 1033, in read_message
    frame = await self.read_data_frame(max_size=self.max_size)
  File "C:\Users\p7016\AppData\Local\Programs\Python\Python310\lib\site-packages\websockets\legacy\protocol.py", line 1108, in read_data_frame
    frame = await self.read_frame(max_size)
  File "C:\Users\p7016\AppData\Local\Programs\Python\Python310\lib\site-packages\websockets\legacy\protocol.py", line 1165, in read_frame
    frame = await Frame.read(
  File "C:\Users\p7016\AppData\Local\Programs\Python\Python310\lib\site-packages\websockets\legacy\framing.py", line 68, in read
    data = await reader(2)
  File "C:\Users\p7016\AppData\Local\Programs\Python\Python310\lib\asyncio\streams.py", line 708, in readexactly
    await self._wait_for_data('readexactly')
  File "C:\Users\p7016\AppData\Local\Programs\Python\Python310\lib\asyncio\streams.py", line 501, in _wait_for_data
    await self._waiter
  File "C:\Users\p7016\AppData\Local\Programs\Python\Python310\lib\asyncio\selector_events.py", line 862, in _read_ready__data_received
    data = self._sock.recv(self.max_size)
ConnectionResetError: [WinError 10054] An existing connection was forcibly closed by the remote host

The above exception was the direct cause of the following exception:

Traceback (most recent call last):
  File "c:\Users\p7016\Documents\bpa\binance_c2c.py", line 125, in run_websocket
    async for message in ws:
  File "C:\Users\p7016\AppData\Local\Programs\Python\Python310\lib\site-packages\websockets\legacy\protocol.py", line 498, in __aiter__
    yield await self.recv()
  File "C:\Users\p7016\AppData\Local\Programs\Python\Python310\lib\site-packages\websockets\legacy\protocol.py", line 568, in recv
    await self.ensure_open()
  File "C:\Users\p7016\AppData\Local\Programs\Python\Python310\lib\site-packages\websockets\legacy\protocol.py", line 939, in ensure_open
    raise self.connection_closed_exc()
websockets.exceptions.ConnectionClosedError: no close frame received or sent
2024-03-10 01:45:41,062:binance_c2c:ERROR:An unexpected error occurred:
Traceback (most recent call last):
  File "C:\Users\p7016\AppData\Local\Programs\Python\Python310\lib\site-packages\websockets\legacy\protocol.py", line 963, in transfer_data
    message = await self.read_message()
  File "C:\Users\p7016\AppData\Local\Programs\Python\Python310\lib\site-packages\websockets\legacy\protocol.py", line 1033, in read_message
    frame = await self.read_data_frame(max_size=self.max_size)
  File "C:\Users\p7016\AppData\Local\Programs\Python\Python310\lib\site-packages\websockets\legacy\protocol.py", line 1108, in read_data_frame
    frame = await self.read_frame(max_size)
  File "C:\Users\p7016\AppData\Local\Programs\Python\Python310\lib\site-packages\websockets\legacy\protocol.py", line 1165, in read_frame
    frame = await Frame.read(
  File "C:\Users\p7016\AppData\Local\Programs\Python\Python310\lib\site-packages\websockets\legacy\framing.py", line 68, in read
    data = await reader(2)
  File "C:\Users\p7016\AppData\Local\Programs\Python\Python310\lib\asyncio\streams.py", line 708, in readexactly
    await self._wait_for_data('readexactly')
  File "C:\Users\p7016\AppData\Local\Programs\Python\Python310\lib\asyncio\streams.py", line 501, in _wait_for_data
    await self._waiter
  File "C:\Users\p7016\AppData\Local\Programs\Python\Python310\lib\asyncio\selector_events.py", line 862, in _read_ready__data_received
    data = self._sock.recv(self.max_size)
ConnectionResetError: [WinError 10054] An existing connection was forcibly closed by the remote host

The above exception was the direct cause of the following exception:

Traceback (most recent call last):
  File "c:\Users\p7016\Documents\bpa\binance_c2c.py", line 125, in run_websocket
    async for message in ws:
  File "C:\Users\p7016\AppData\Local\Programs\Python\Python310\lib\site-packages\websockets\legacy\protocol.py", line 498, in __aiter__
    yield await self.recv()
  File "C:\Users\p7016\AppData\Local\Programs\Python\Python310\lib\site-packages\websockets\legacy\protocol.py", line 568, in recv
    await self.ensure_open()
  File "C:\Users\p7016\AppData\Local\Programs\Python\Python310\lib\site-packages\websockets\legacy\protocol.py", line 939, in ensure_open
    raise self.connection_closed_exc()
websockets.exceptions.ConnectionClosedError: no close frame received or sent
2024-03-10 01:59:04,008:binance_c2c:INFO:Message sent
2024-03-10 01:59:09,010:binance_c2c:INFO:Message sent
2024-03-10 02:00:59,010:binance_c2c:INFO:Message sent
2024-03-10 02:01:04,007:binance_c2c:INFO:Message sent
2024-03-10 02:01:04,007:binance_c2c:INFO:Message sent
2024-03-10 02:01:07,402:ip_info_io:INFO:Getting IP details for: 187.192.238.206
2024-03-10 02:01:07,699:verify_client_ip:INFO:IP from Country: MX
2024-03-10 02:01:54,388:binance_api:ERROR:API call to 'post https://api.binance.com/sapi/v1/c2c/ads/update' with payload '{'advNo': '12593303119082127360', 'priceFloatingRa...' failed with status code 400: {"code":83762,"msg":"Ad remaining balance should not be less than 0"}
2024-03-10 02:02:04,391:common_utils:INFO:Updated server timestamp: 1710061324655
2024-03-10 02:02:05,573:binance_c2c:INFO:Message sent
2024-03-10 02:02:10,571:binance_c2c:INFO:Message sent
2024-03-10 02:31:27,460:binance_c2c:INFO:WebSocket connection closed gracefully.
2024-03-10 02:32:04,687:common_utils:INFO:Updated server timestamp: 1710063124968
2024-03-10 02:49:04,599:binance_c2c:INFO:Message sent
2024-03-10 02:49:09,608:binance_c2c:INFO:Message sent
2024-03-10 02:49:09,608:binance_c2c:INFO:Message sent
2024-03-10 02:49:13,217:fetch_outlook:WARNING:Token expires in: 2024-03-10 03:49:13.217183
2024-03-10 02:49:13,651:verify_client_ip:WARNING:Attempt 1: Could not fetch the IP. Retrying...
2024-03-10 02:49:17,085:ip_info_io:INFO:Getting IP details for: 177.231.14.113
2024-03-10 02:49:17,460:verify_client_ip:INFO:IP from Country: MX
2024-03-10 02:49:34,474:binance_c2c:INFO:Message sent
2024-03-10 02:49:41,237:binance_c2c:INFO:Message sent
2024-03-10 02:49:49,823:binance_c2c:INFO:Message sent
2024-03-10 02:50:00,152:binance_c2c:INFO:Message sent
2024-03-10 02:50:08,957:binance_bank_deposit:INFO:Amount to deposit: 9000.0
2024-03-10 02:50:08,957:binance_bank_deposit:INFO:Buyer bank condition: AND LOWER(a.account_bank_name) = ?
2024-03-10 02:50:08,973:binance_bank_deposit:INFO:Found 2 suitable accounts for order 20600079659524202496
2024-03-10 02:50:08,973:binance_bank_deposit:INFO:Suitable accounts: [('1532335128', 'BBVA'), ('1593999048', 'BBVA')]
2024-03-10 02:50:08,973:binance_bank_deposit:INFO:Total after deposit for buyer 'LOPEZ ROSAS MONICA' on account 1532335128: 9000.0
2024-03-10 02:50:08,973:binance_bank_deposit:INFO:The deposit does not exceed the buyer's monthly limit of 70000.00.
2024-03-10 02:50:08,989:binance_c2c:INFO:Message sent
2024-03-10 02:50:13,998:binance_c2c:INFO:Message sent
2024-03-10 02:50:19,011:binance_c2c:INFO:Message sent
2024-03-10 02:52:51,922:binance_c2c:INFO:Message sent
2024-03-10 02:52:56,923:binance_c2c:INFO:Message sent
2024-03-10 02:53:03,429:binance_c2c:INFO:Message sent
2024-03-10 02:53:08,445:binance_c2c:INFO:Message sent
2024-03-10 02:53:08,445:binance_c2c:INFO:Message sent
2024-03-10 02:53:11,857:ip_info_io:INFO:Getting IP details for: 197.210.55.244
2024-03-10 02:53:12,270:verify_client_ip:INFO:IP from Country: NG
2024-03-10 02:53:12,270:binance_c2c:INFO:Message sent
2024-03-10 02:53:26,855:binance_c2c:INFO:Message sent
2024-03-10 02:56:03,592:binance_c2c:ERROR:An unexpected error occurred:
Traceback (most recent call last):
  File "C:\Users\p7016\AppData\Local\Programs\Python\Python310\lib\site-packages\websockets\legacy\protocol.py", line 963, in transfer_data
    message = await self.read_message()
  File "C:\Users\p7016\AppData\Local\Programs\Python\Python310\lib\site-packages\websockets\legacy\protocol.py", line 1033, in read_message
    frame = await self.read_data_frame(max_size=self.max_size)
  File "C:\Users\p7016\AppData\Local\Programs\Python\Python310\lib\site-packages\websockets\legacy\protocol.py", line 1108, in read_data_frame
    frame = await self.read_frame(max_size)
  File "C:\Users\p7016\AppData\Local\Programs\Python\Python310\lib\site-packages\websockets\legacy\protocol.py", line 1165, in read_frame
    frame = await Frame.read(
  File "C:\Users\p7016\AppData\Local\Programs\Python\Python310\lib\site-packages\websockets\legacy\framing.py", line 68, in read
    data = await reader(2)
  File "C:\Users\p7016\AppData\Local\Programs\Python\Python310\lib\asyncio\streams.py", line 708, in readexactly
    await self._wait_for_data('readexactly')
  File "C:\Users\p7016\AppData\Local\Programs\Python\Python310\lib\asyncio\streams.py", line 501, in _wait_for_data
    await self._waiter
  File "C:\Users\p7016\AppData\Local\Programs\Python\Python310\lib\asyncio\selector_events.py", line 862, in _read_ready__data_received
    data = self._sock.recv(self.max_size)
ConnectionResetError: [WinError 10054] An existing connection was forcibly closed by the remote host

The above exception was the direct cause of the following exception:

Traceback (most recent call last):
  File "c:\Users\p7016\Documents\bpa\binance_c2c.py", line 125, in run_websocket
    async for message in ws:
  File "C:\Users\p7016\AppData\Local\Programs\Python\Python310\lib\site-packages\websockets\legacy\protocol.py", line 498, in __aiter__
    yield await self.recv()
  File "C:\Users\p7016\AppData\Local\Programs\Python\Python310\lib\site-packages\websockets\legacy\protocol.py", line 568, in recv
    await self.ensure_open()
  File "C:\Users\p7016\AppData\Local\Programs\Python\Python310\lib\site-packages\websockets\legacy\protocol.py", line 939, in ensure_open
    raise self.connection_closed_exc()
websockets.exceptions.ConnectionClosedError: no close frame received or sent
2024-03-10 03:02:04,987:common_utils:INFO:Updated server timestamp: 1710064925264
2024-03-10 03:08:02,918:binance_c2c:INFO:Message sent
2024-03-10 03:32:05,301:common_utils:INFO:Updated server timestamp: 1710066725587
2024-03-10 03:47:12,503:binance_c2c:INFO:Message sent
2024-03-10 03:47:17,514:binance_c2c:INFO:Message sent
2024-03-10 03:47:17,514:binance_c2c:INFO:Message sent
2024-03-10 03:47:20,954:googleapiclient.discovery_cache:INFO:file_cache is only supported with oauth2client<4.0.0
2024-03-10 03:47:21,884:ip_info_io:INFO:Getting IP details for: 201.166.190.141
2024-03-10 03:47:22,275:verify_client_ip:INFO:IP from Country: MX
2024-03-10 03:47:39,685:binance_c2c:INFO:Message sent
2024-03-10 03:48:09,052:binance_c2c:INFO:Message sent
2024-03-10 03:48:09,052:binance_c2c:INFO:Message sent
2024-03-10 03:48:29,425:binance_c2c:INFO:Message sent
2024-03-10 03:48:42,657:binance_c2c:INFO:Message sent
2024-03-10 03:49:01,904:binance_c2c:INFO:Message sent
2024-03-10 03:49:16,081:binance_c2c:INFO:Message sent
2024-03-10 03:49:16,081:binance_c2c:INFO:Message sent
2024-03-10 03:50:07,707:binance_bank_deposit:INFO:Amount to deposit: 1543.0
2024-03-10 03:50:07,707:binance_bank_deposit:INFO:Buyer bank condition: AND LOWER(a.account_bank_name) = ?
2024-03-10 03:50:07,707:binance_bank_deposit:INFO:Found 1 suitable accounts for order 20600094289718722560
2024-03-10 03:50:07,707:binance_bank_deposit:INFO:Suitable accounts: [('1593999048', 'BBVA')]
2024-03-10 03:50:07,707:binance_bank_deposit:INFO:Total after deposit for buyer 'MARTINEZ LEIJA JUAN CARLOS' on account 1593999048: 1543.0
2024-03-10 03:50:07,707:binance_bank_deposit:INFO:The deposit does not exceed the buyer's monthly limit of 70000.00.
2024-03-10 03:50:07,723:binance_c2c:INFO:Message sent
2024-03-10 03:50:12,739:binance_c2c:INFO:Message sent
2024-03-10 03:50:17,752:binance_c2c:INFO:Message sent
2024-03-10 03:52:44,852:binance_c2c:INFO:Message sent
2024-03-10 03:52:49,854:binance_c2c:INFO:Message sent
2024-03-10 03:53:11,747:binance_c2c:INFO:Message sent
2024-03-10 03:56:04,044:binance_c2c:INFO:Message sent
2024-03-10 03:56:09,046:binance_c2c:INFO:Message sent
2024-03-10 03:56:09,046:binance_c2c:INFO:Message sent
2024-03-10 03:56:12,580:fetch_outlook:WARNING:Token expires in: 2024-03-10 04:56:12.580727
2024-03-10 03:56:12,994:ip_info_io:INFO:Getting IP details for: 187.190.163.143
2024-03-10 03:56:13,354:verify_client_ip:INFO:IP from Country: MX
2024-03-10 03:56:17,137:binance_c2c:ERROR:An unexpected error occurred:
Traceback (most recent call last):
  File "C:\Users\p7016\AppData\Local\Programs\Python\Python310\lib\site-packages\websockets\legacy\protocol.py", line 963, in transfer_data
    message = await self.read_message()
  File "C:\Users\p7016\AppData\Local\Programs\Python\Python310\lib\site-packages\websockets\legacy\protocol.py", line 1033, in read_message
    frame = await self.read_data_frame(max_size=self.max_size)
  File "C:\Users\p7016\AppData\Local\Programs\Python\Python310\lib\site-packages\websockets\legacy\protocol.py", line 1108, in read_data_frame
    frame = await self.read_frame(max_size)
  File "C:\Users\p7016\AppData\Local\Programs\Python\Python310\lib\site-packages\websockets\legacy\protocol.py", line 1165, in read_frame
    frame = await Frame.read(
  File "C:\Users\p7016\AppData\Local\Programs\Python\Python310\lib\site-packages\websockets\legacy\framing.py", line 68, in read
    data = await reader(2)
  File "C:\Users\p7016\AppData\Local\Programs\Python\Python310\lib\asyncio\streams.py", line 708, in readexactly
    await self._wait_for_data('readexactly')
  File "C:\Users\p7016\AppData\Local\Programs\Python\Python310\lib\asyncio\streams.py", line 501, in _wait_for_data
    await self._waiter
  File "C:\Users\p7016\AppData\Local\Programs\Python\Python310\lib\asyncio\selector_events.py", line 862, in _read_ready__data_received
    data = self._sock.recv(self.max_size)
ConnectionResetError: [WinError 10054] An existing connection was forcibly closed by the remote host

The above exception was the direct cause of the following exception:

Traceback (most recent call last):
  File "c:\Users\p7016\Documents\bpa\binance_c2c.py", line 125, in run_websocket
    async for message in ws:
  File "C:\Users\p7016\AppData\Local\Programs\Python\Python310\lib\site-packages\websockets\legacy\protocol.py", line 498, in __aiter__
    yield await self.recv()
  File "C:\Users\p7016\AppData\Local\Programs\Python\Python310\lib\site-packages\websockets\legacy\protocol.py", line 568, in recv
    await self.ensure_open()
  File "C:\Users\p7016\AppData\Local\Programs\Python\Python310\lib\site-packages\websockets\legacy\protocol.py", line 939, in ensure_open
    raise self.connection_closed_exc()
websockets.exceptions.ConnectionClosedError: no close frame received or sent
2024-03-10 04:02:07,625:common_utils:INFO:Updated server timestamp: 1710068526893
2024-03-10 04:11:03,591:binance_c2c:INFO:Message sent
2024-03-10 04:11:08,597:binance_c2c:INFO:Message sent
2024-03-10 04:29:33,539:binance_c2c:INFO:Message sent
2024-03-10 04:29:38,543:binance_c2c:INFO:Message sent
2024-03-10 04:29:38,543:binance_c2c:INFO:Message sent
2024-03-10 04:29:41,960:ip_info_io:INFO:Getting IP details for: 105.113.76.232
2024-03-10 04:29:42,259:verify_client_ip:INFO:IP from Country: NG
2024-03-10 04:29:42,259:binance_c2c:INFO:Message sent
2024-03-10 04:32:08,787:common_utils:INFO:Updated server timestamp: 1710070328960
2024-03-10 04:33:00,757:binance_c2c:INFO:Message sent
2024-03-10 04:41:03,236:binance_c2c:INFO:Message sent
2024-03-10 04:44:32,747:binance_c2c:INFO:Message sent
2024-03-10 04:46:20,130:binance_c2c:INFO:Message sent
2024-03-10 04:55:43,446:binance_c2c:ERROR:An unexpected error occurred:
Traceback (most recent call last):
  File "C:\Users\p7016\AppData\Local\Programs\Python\Python310\lib\site-packages\websockets\legacy\protocol.py", line 963, in transfer_data
    message = await self.read_message()
  File "C:\Users\p7016\AppData\Local\Programs\Python\Python310\lib\site-packages\websockets\legacy\protocol.py", line 1033, in read_message
    frame = await self.read_data_frame(max_size=self.max_size)
  File "C:\Users\p7016\AppData\Local\Programs\Python\Python310\lib\site-packages\websockets\legacy\protocol.py", line 1108, in read_data_frame
    frame = await self.read_frame(max_size)
  File "C:\Users\p7016\AppData\Local\Programs\Python\Python310\lib\site-packages\websockets\legacy\protocol.py", line 1165, in read_frame
    frame = await Frame.read(
  File "C:\Users\p7016\AppData\Local\Programs\Python\Python310\lib\site-packages\websockets\legacy\framing.py", line 68, in read
    data = await reader(2)
  File "C:\Users\p7016\AppData\Local\Programs\Python\Python310\lib\asyncio\streams.py", line 708, in readexactly
    await self._wait_for_data('readexactly')
  File "C:\Users\p7016\AppData\Local\Programs\Python\Python310\lib\asyncio\streams.py", line 501, in _wait_for_data
    await self._waiter
  File "C:\Users\p7016\AppData\Local\Programs\Python\Python310\lib\asyncio\selector_events.py", line 862, in _read_ready__data_received
    data = self._sock.recv(self.max_size)
ConnectionResetError: [WinError 10054] An existing connection was forcibly closed by the remote host

The above exception was the direct cause of the following exception:

Traceback (most recent call last):
  File "c:\Users\p7016\Documents\bpa\binance_c2c.py", line 125, in run_websocket
    async for message in ws:
  File "C:\Users\p7016\AppData\Local\Programs\Python\Python310\lib\site-packages\websockets\legacy\protocol.py", line 498, in __aiter__
    yield await self.recv()
  File "C:\Users\p7016\AppData\Local\Programs\Python\Python310\lib\site-packages\websockets\legacy\protocol.py", line 568, in recv
    await self.ensure_open()
  File "C:\Users\p7016\AppData\Local\Programs\Python\Python310\lib\site-packages\websockets\legacy\protocol.py", line 939, in ensure_open
    raise self.connection_closed_exc()
websockets.exceptions.ConnectionClosedError: no close frame received or sent
2024-03-10 05:00:20,844:binance_c2c:INFO:Message sent
2024-03-10 05:00:25,848:binance_c2c:INFO:Message sent
2024-03-10 05:00:25,848:binance_c2c:INFO:Message sent
2024-03-10 05:00:29,460:fetch_outlook:WARNING:Token expires in: 2024-03-10 06:00:29.460722
2024-03-10 05:00:29,919:ip_info_io:INFO:Getting IP details for: 197.210.84.58
2024-03-10 05:00:30,305:verify_client_ip:INFO:IP from Country: NG
2024-03-10 05:00:30,305:binance_c2c:INFO:Message sent
2024-03-10 05:02:09,150:common_utils:INFO:Updated server timestamp: 1710072129443
2024-03-10 05:04:21,450:binance_c2c:INFO:Message sent
2024-03-10 05:05:25,092:binance_c2c:INFO:Message sent
2024-03-10 05:05:59,043:binance_c2c:INFO:Message sent
2024-03-10 05:06:19,727:binance_c2c:ERROR:An unexpected error occurred:
Traceback (most recent call last):
  File "C:\Users\p7016\AppData\Local\Programs\Python\Python310\lib\site-packages\websockets\legacy\protocol.py", line 963, in transfer_data
    message = await self.read_message()
  File "C:\Users\p7016\AppData\Local\Programs\Python\Python310\lib\site-packages\websockets\legacy\protocol.py", line 1033, in read_message
    frame = await self.read_data_frame(max_size=self.max_size)
  File "C:\Users\p7016\AppData\Local\Programs\Python\Python310\lib\site-packages\websockets\legacy\protocol.py", line 1108, in read_data_frame
    frame = await self.read_frame(max_size)
  File "C:\Users\p7016\AppData\Local\Programs\Python\Python310\lib\site-packages\websockets\legacy\protocol.py", line 1165, in read_frame
    frame = await Frame.read(
  File "C:\Users\p7016\AppData\Local\Programs\Python\Python310\lib\site-packages\websockets\legacy\framing.py", line 68, in read
    data = await reader(2)
  File "C:\Users\p7016\AppData\Local\Programs\Python\Python310\lib\asyncio\streams.py", line 708, in readexactly
    await self._wait_for_data('readexactly')
  File "C:\Users\p7016\AppData\Local\Programs\Python\Python310\lib\asyncio\streams.py", line 501, in _wait_for_data
    await self._waiter
  File "C:\Users\p7016\AppData\Local\Programs\Python\Python310\lib\asyncio\selector_events.py", line 862, in _read_ready__data_received
    data = self._sock.recv(self.max_size)
ConnectionResetError: [WinError 10054] An existing connection was forcibly closed by the remote host

The above exception was the direct cause of the following exception:

Traceback (most recent call last):
  File "c:\Users\p7016\Documents\bpa\binance_c2c.py", line 125, in run_websocket
    async for message in ws:
  File "C:\Users\p7016\AppData\Local\Programs\Python\Python310\lib\site-packages\websockets\legacy\protocol.py", line 498, in __aiter__
    yield await self.recv()
  File "C:\Users\p7016\AppData\Local\Programs\Python\Python310\lib\site-packages\websockets\legacy\protocol.py", line 568, in recv
    await self.ensure_open()
  File "C:\Users\p7016\AppData\Local\Programs\Python\Python310\lib\site-packages\websockets\legacy\protocol.py", line 939, in ensure_open
    raise self.connection_closed_exc()
websockets.exceptions.ConnectionClosedError: no close frame received or sent
2024-03-10 05:07:10,279:binance_c2c:INFO:Message sent
2024-03-10 05:07:15,288:binance_c2c:INFO:Message sent
2024-03-10 05:07:15,288:binance_c2c:INFO:Message sent
2024-03-10 05:07:18,706:ip_info_io:INFO:Getting IP details for: 189.134.91.206
2024-03-10 05:07:19,002:verify_client_ip:INFO:IP from Country: MX
2024-03-10 05:07:48,998:binance_c2c:INFO:Message sent
2024-03-10 05:07:54,106:binance_c2c:INFO:Message sent
2024-03-10 05:08:03,487:binance_c2c:INFO:Message sent
2024-03-10 05:14:36,091:binance_c2c:INFO:Message sent
2024-03-10 05:17:20,787:binance_c2c:INFO:Message sent
2024-03-10 05:17:42,991:binance_c2c:INFO:Message sent
2024-03-10 05:17:47,992:binance_c2c:INFO:Message sent
2024-03-10 05:17:47,992:binance_c2c:INFO:Message sent
2024-03-10 05:17:51,406:ip_info_io:INFO:Getting IP details for: 189.179.242.239
2024-03-10 05:17:51,691:verify_client_ip:INFO:IP from Country: MX
2024-03-10 05:18:28,786:binance_c2c:INFO:Message sent
2024-03-10 05:18:35,708:binance_c2c:INFO:Message sent
2024-03-10 05:18:43,061:binance_c2c:INFO:Message sent
2024-03-10 05:18:51,511:binance_c2c:INFO:Message sent
2024-03-10 05:18:59,248:binance_bank_deposit:INFO:Amount to deposit: 1500.0
2024-03-10 05:18:59,248:binance_bank_deposit:INFO:Buyer bank condition: AND LOWER(a.account_bank_name) = ?
2024-03-10 05:18:59,248:binance_bank_deposit:INFO:Found 1 suitable accounts for order 20600117066974904320
2024-03-10 05:18:59,248:binance_bank_deposit:INFO:Suitable accounts: [('1532335128', 'BBVA')]
2024-03-10 05:18:59,248:binance_bank_deposit:INFO:Total after deposit for buyer 'ANTONIO BARRAGAN NICKY GAEL' on account 1532335128: 1500.0
2024-03-10 05:18:59,248:binance_bank_deposit:INFO:The deposit does not exceed the buyer's monthly limit of 70000.00.
2024-03-10 05:18:59,267:binance_c2c:INFO:Message sent
2024-03-10 05:19:04,274:binance_c2c:INFO:Message sent
2024-03-10 05:19:09,293:binance_c2c:INFO:Message sent
2024-03-10 05:22:21,477:binance_merchant_handler:INFO:Order 20600118235636191232 uses payment method (OXXO or Skrill).
2024-03-10 05:22:29,985:binance_merchant_handler:INFO:Order 20600118235636191232 uses payment method (OXXO or Skrill).
2024-03-10 05:24:07,225:binance_c2c:INFO:Message sent
2024-03-10 05:24:12,234:binance_c2c:INFO:Message sent
2024-03-10 05:24:45,853:binance_c2c:INFO:Message sent
2024-03-10 05:32:09,489:common_utils:INFO:Updated server timestamp: 1710073929796
2024-03-10 05:38:56,847:binance_c2c:INFO:Message sent
2024-03-10 05:39:01,851:binance_c2c:INFO:Message sent
2024-03-10 05:39:01,851:binance_c2c:INFO:Message sent
2024-03-10 05:39:05,480:ip_info_io:INFO:Getting IP details for: 201.170.50.154
2024-03-10 05:39:05,767:verify_client_ip:INFO:IP from Country: MX
2024-03-10 05:53:56,467:binance_c2c:INFO:Message sent
2024-03-10 05:54:01,468:binance_c2c:INFO:Message sent
2024-03-10 05:54:34,042:binance_c2c:INFO:Message sent
2024-03-10 05:54:39,040:binance_c2c:INFO:Message sent
2024-03-10 05:54:39,040:binance_c2c:INFO:Message sent
2024-03-10 05:54:42,532:ip_info_io:INFO:Getting IP details for: 187.252.192.167
2024-03-10 05:54:42,851:verify_client_ip:INFO:IP from Country: MX
2024-03-10 05:56:36,973:binance_c2c:INFO:Message sent
2024-03-10 05:56:41,980:binance_c2c:INFO:Message sent
2024-03-10 06:01:17,565:binance_c2c:INFO:Message sent
2024-03-10 06:01:22,577:binance_c2c:INFO:Message sent
2024-03-10 06:01:22,577:binance_c2c:INFO:Message sent
2024-03-10 06:01:26,280:fetch_outlook:WARNING:Token expires in: 2024-03-10 07:01:26.280016
2024-03-10 06:01:26,671:ip_info_io:INFO:Getting IP details for: 187.252.192.167
2024-03-10 06:01:26,984:verify_client_ip:INFO:IP from Country: MX
2024-03-10 06:02:03,998:binance_c2c:INFO:Message sent
2024-03-10 06:02:09,834:common_utils:INFO:Updated server timestamp: 1710075730131
2024-03-10 06:02:12,754:binance_c2c:INFO:Message sent
2024-03-10 06:02:27,298:binance_c2c:INFO:Message sent
2024-03-10 06:02:37,621:binance_c2c:INFO:Message sent
2024-03-10 06:02:44,909:binance_bank_deposit:INFO:Amount to deposit: 2000.0
2024-03-10 06:02:44,909:binance_bank_deposit:INFO:Buyer bank condition: AND LOWER(a.account_bank_name) = ?
2024-03-10 06:02:44,914:binance_bank_deposit:INFO:Found 1 suitable accounts for order 20600128031877922816
2024-03-10 06:02:44,914:binance_bank_deposit:INFO:Suitable accounts: [('1593999048', 'BBVA')]
2024-03-10 06:02:44,914:binance_bank_deposit:INFO:Total after deposit for buyer 'MIRANDA GALVAN SANTIAGO' on account 1593999048: 2000.0
2024-03-10 06:02:44,914:binance_bank_deposit:INFO:The deposit does not exceed the buyer's monthly limit of 70000.00.
2024-03-10 06:02:44,930:binance_c2c:INFO:Message sent
2024-03-10 06:02:49,930:binance_c2c:INFO:Message sent
2024-03-10 06:02:54,939:binance_c2c:INFO:Message sent
2024-03-10 06:05:14,080:binance_c2c:INFO:Message sent
2024-03-10 06:05:19,107:binance_c2c:INFO:Message sent
2024-03-10 06:05:21,889:binance_c2c:INFO:Message sent
2024-03-10 06:07:09,801:binance_c2c:INFO:Message sent
2024-03-10 06:07:14,822:binance_c2c:INFO:Message sent
2024-03-10 06:20:21,703:binance_c2c:INFO:Message sent
2024-03-10 06:20:26,709:binance_c2c:INFO:Message sent
2024-03-10 06:20:26,709:binance_c2c:INFO:Message sent
2024-03-10 06:20:30,147:ip_info_io:INFO:Getting IP details for: 200.68.178.161
2024-03-10 06:20:30,444:verify_client_ip:INFO:IP from Country: MX
2024-03-10 06:26:25,110:binance_c2c:INFO:Message sent
2024-03-10 06:26:25,125:binance_c2c:INFO:Message sent
2024-03-10 06:30:39,829:binance_c2c:INFO:Message sent
2024-03-10 06:30:44,839:binance_c2c:INFO:Message sent
2024-03-10 06:32:10,182:common_utils:INFO:Updated server timestamp: 1710077530484
2024-03-10 06:56:10,625:binance_c2c:INFO:Message sent
2024-03-10 06:56:15,633:binance_c2c:INFO:Message sent
2024-03-10 06:56:15,633:binance_c2c:INFO:Message sent
2024-03-10 06:56:19,069:ip_info_io:INFO:Getting IP details for: 186.127.151.110
2024-03-10 06:56:19,366:verify_client_ip:INFO:IP from Country: AR
2024-03-10 06:56:19,366:binance_c2c:INFO:Message sent
2024-03-10 07:02:10,641:common_utils:INFO:Updated server timestamp: 1710079330952
2024-03-10 07:21:04,531:binance_c2c:INFO:Message sent
2024-03-10 07:21:11,477:binance_orders:INFO:Missing balance for BTC: 0.007533280000000031
2024-03-10 07:21:12,049:binance_wallets:INFO:Order successfully placed: {'symbol': 'BTCUSDT', 'orderId': 25510407272, 'orderListId': -1, 'clientOrderId': 'FH5Aj6M6kEzg2nRE7m27Ti', 'transactTime': 1710080472363, 'price': '0.00000000', 'origQty': '0.00750000', 'executedQty': '0.00750000', 'cummulativeQuoteQty': '520.00245000', 'status': 'FILLED', 'timeInForce': 'GTC', 'type': 'MARKET', 'side': 'BUY', 'workingTime': 1710080472363, 'fills': [{'price': '69333.66000000', 'qty': '0.00750000', 'commission': '0.00000750', 'commissionAsset': 'BTC', 'tradeId': 3471578956}], 'selfTradePreventionMode': 'EXPIRE_MAKER'}
2024-03-10 07:21:26,570:binance_c2c:INFO:Message sent
2024-03-10 07:21:50,573:binance_c2c:INFO:Message sent
2024-03-10 07:21:57,518:binance_orders:INFO:Missing balance for BTC: 0.001677800000000007
2024-03-10 07:21:57,821:binance_wallets:INFO:Order successfully placed: {'symbol': 'BTCUSDT', 'orderId': 25510420844, 'orderListId': -1, 'clientOrderId': 'J5D4vmj0vRblaHbVbmSURT', 'transactTime': 1710080518131, 'price': '0.00000000', 'origQty': '0.00170000', 'executedQty': '0.00170000', 'cummulativeQuoteQty': '117.80830000', 'status': 'FILLED', 'timeInForce': 'GTC', 'type': 'MARKET', 'side': 'BUY', 'workingTime': 1710080518131, 'fills': [{'price': '69299.00000000', 'qty': '0.00170000', 'commission': '0.00000170', 'commissionAsset': 'BTC', 'tradeId': 3471580121}], 'selfTradePreventionMode': 'EXPIRE_MAKER'}
2024-03-10 07:21:59,386:binance_c2c:INFO:WebSocket connection closed gracefully.
2024-03-10 07:23:18,653:binance_c2c:INFO:Message sent
2024-03-10 07:32:11,063:common_utils:INFO:Updated server timestamp: 1710081131370
2024-03-10 07:38:19,931:binance_search_ad:ERROR:An error occurred: Cannot connect to host api.binance.com:443 ssl:default [Connect call failed ('108.138.166.86', 443)]
2024-03-10 07:38:19,931:binance_search_ad:INFO:Attempt 1/3 failed, retrying after delay...
2024-03-10 07:38:43,101:binance_search_ad:ERROR:An error occurred: Cannot connect to host api.binance.com:443 ssl:default [Connect call failed ('108.138.166.86', 443)]
2024-03-10 07:38:43,101:binance_search_ad:INFO:Attempt 2/3 failed, retrying after delay...
2024-03-10 07:39:06,341:binance_c2c:INFO:Message sent
2024-03-10 07:39:11,358:binance_c2c:INFO:Message sent
2024-03-10 07:39:11,358:binance_c2c:INFO:Message sent
2024-03-10 07:39:14,934:fetch_outlook:WARNING:Token expires in: 2024-03-10 08:39:14.934721
2024-03-10 07:39:15,372:ip_info_io:INFO:Getting IP details for: 187.189.33.54
2024-03-10 07:39:15,673:verify_client_ip:INFO:IP from Country: MX
2024-03-10 07:42:53,449:binance_c2c:ERROR:An unexpected error occurred:
Traceback (most recent call last):
  File "C:\Users\p7016\AppData\Local\Programs\Python\Python310\lib\site-packages\websockets\legacy\protocol.py", line 963, in transfer_data
    message = await self.read_message()
  File "C:\Users\p7016\AppData\Local\Programs\Python\Python310\lib\site-packages\websockets\legacy\protocol.py", line 1033, in read_message
    frame = await self.read_data_frame(max_size=self.max_size)
  File "C:\Users\p7016\AppData\Local\Programs\Python\Python310\lib\site-packages\websockets\legacy\protocol.py", line 1108, in read_data_frame
    frame = await self.read_frame(max_size)
  File "C:\Users\p7016\AppData\Local\Programs\Python\Python310\lib\site-packages\websockets\legacy\protocol.py", line 1165, in read_frame
    frame = await Frame.read(
  File "C:\Users\p7016\AppData\Local\Programs\Python\Python310\lib\site-packages\websockets\legacy\framing.py", line 68, in read
    data = await reader(2)
  File "C:\Users\p7016\AppData\Local\Programs\Python\Python310\lib\asyncio\streams.py", line 708, in readexactly
    await self._wait_for_data('readexactly')
  File "C:\Users\p7016\AppData\Local\Programs\Python\Python310\lib\asyncio\streams.py", line 501, in _wait_for_data
    await self._waiter
asyncio.exceptions.CancelledError

The above exception was the direct cause of the following exception:

Traceback (most recent call last):
  File "c:\Users\p7016\Documents\bpa\binance_c2c.py", line 125, in run_websocket
    async for message in ws:
  File "C:\Users\p7016\AppData\Local\Programs\Python\Python310\lib\site-packages\websockets\legacy\protocol.py", line 498, in __aiter__
    yield await self.recv()
  File "C:\Users\p7016\AppData\Local\Programs\Python\Python310\lib\site-packages\websockets\legacy\protocol.py", line 568, in recv
    await self.ensure_open()
  File "C:\Users\p7016\AppData\Local\Programs\Python\Python310\lib\site-packages\websockets\legacy\protocol.py", line 948, in ensure_open
    raise self.connection_closed_exc()
websockets.exceptions.ConnectionClosedError: sent 1011 (internal error) keepalive ping timeout; no close frame received
2024-03-10 07:42:53,686:binance_c2c:ERROR:An unexpected error occurred:
Traceback (most recent call last):
  File "C:\Users\p7016\AppData\Local\Programs\Python\Python310\lib\site-packages\websockets\legacy\protocol.py", line 963, in transfer_data
    message = await self.read_message()
  File "C:\Users\p7016\AppData\Local\Programs\Python\Python310\lib\site-packages\websockets\legacy\protocol.py", line 1033, in read_message
    frame = await self.read_data_frame(max_size=self.max_size)
  File "C:\Users\p7016\AppData\Local\Programs\Python\Python310\lib\site-packages\websockets\legacy\protocol.py", line 1108, in read_data_frame
    frame = await self.read_frame(max_size)
  File "C:\Users\p7016\AppData\Local\Programs\Python\Python310\lib\site-packages\websockets\legacy\protocol.py", line 1165, in read_frame
    frame = await Frame.read(
  File "C:\Users\p7016\AppData\Local\Programs\Python\Python310\lib\site-packages\websockets\legacy\framing.py", line 68, in read
    data = await reader(2)
  File "C:\Users\p7016\AppData\Local\Programs\Python\Python310\lib\asyncio\streams.py", line 708, in readexactly
    await self._wait_for_data('readexactly')
  File "C:\Users\p7016\AppData\Local\Programs\Python\Python310\lib\asyncio\streams.py", line 501, in _wait_for_data
    await self._waiter
asyncio.exceptions.CancelledError

The above exception was the direct cause of the following exception:

Traceback (most recent call last):
  File "c:\Users\p7016\Documents\bpa\binance_c2c.py", line 125, in run_websocket
    async for message in ws:
  File "C:\Users\p7016\AppData\Local\Programs\Python\Python310\lib\site-packages\websockets\legacy\protocol.py", line 498, in __aiter__
    yield await self.recv()
  File "C:\Users\p7016\AppData\Local\Programs\Python\Python310\lib\site-packages\websockets\legacy\protocol.py", line 568, in recv
    await self.ensure_open()
  File "C:\Users\p7016\AppData\Local\Programs\Python\Python310\lib\site-packages\websockets\legacy\protocol.py", line 948, in ensure_open
    raise self.connection_closed_exc()
websockets.exceptions.ConnectionClosedError: sent 1011 (internal error) keepalive ping timeout; no close frame received
2024-03-10 07:43:01,302:binance_c2c:ERROR:An unexpected error occurred:
Traceback (most recent call last):
  File "C:\Users\p7016\AppData\Local\Programs\Python\Python310\lib\site-packages\websockets\legacy\protocol.py", line 963, in transfer_data
    message = await self.read_message()
  File "C:\Users\p7016\AppData\Local\Programs\Python\Python310\lib\site-packages\websockets\legacy\protocol.py", line 1033, in read_message
    frame = await self.read_data_frame(max_size=self.max_size)
  File "C:\Users\p7016\AppData\Local\Programs\Python\Python310\lib\site-packages\websockets\legacy\protocol.py", line 1108, in read_data_frame
    frame = await self.read_frame(max_size)
  File "C:\Users\p7016\AppData\Local\Programs\Python\Python310\lib\site-packages\websockets\legacy\protocol.py", line 1165, in read_frame
    frame = await Frame.read(
  File "C:\Users\p7016\AppData\Local\Programs\Python\Python310\lib\site-packages\websockets\legacy\framing.py", line 68, in read
    data = await reader(2)
  File "C:\Users\p7016\AppData\Local\Programs\Python\Python310\lib\asyncio\streams.py", line 708, in readexactly
    await self._wait_for_data('readexactly')
  File "C:\Users\p7016\AppData\Local\Programs\Python\Python310\lib\asyncio\streams.py", line 501, in _wait_for_data
    await self._waiter
  File "C:\Users\p7016\AppData\Local\Programs\Python\Python310\lib\asyncio\selector_events.py", line 862, in _read_ready__data_received
    data = self._sock.recv(self.max_size)
ConnectionResetError: [WinError 10054] An existing connection was forcibly closed by the remote host

The above exception was the direct cause of the following exception:

Traceback (most recent call last):
  File "c:\Users\p7016\Documents\bpa\binance_c2c.py", line 125, in run_websocket
    async for message in ws:
  File "C:\Users\p7016\AppData\Local\Programs\Python\Python310\lib\site-packages\websockets\legacy\protocol.py", line 498, in __aiter__
    yield await self.recv()
  File "C:\Users\p7016\AppData\Local\Programs\Python\Python310\lib\site-packages\websockets\legacy\protocol.py", line 568, in recv
    await self.ensure_open()
  File "C:\Users\p7016\AppData\Local\Programs\Python\Python310\lib\site-packages\websockets\legacy\protocol.py", line 939, in ensure_open
    raise self.connection_closed_exc()
websockets.exceptions.ConnectionClosedError: no close frame received or sent
2024-03-10 07:43:03,712:binance_c2c:ERROR:Error 400 from API: {'code': -1021, 'msg': 'Timestamp for this request is outside of the recvWindow.'}
2024-03-10 07:43:03,712:binance_c2c:ERROR:An unexpected error occurred:
Traceback (most recent call last):
  File "c:\Users\p7016\Documents\bpa\binance_c2c.py", line 112, in run_websocket
    if 'chatWssUrl' in response:
TypeError: argument of type 'NoneType' is not iterable
2024-03-10 07:43:03,946:binance_c2c:ERROR:Error 400 from API: {'code': -1021, 'msg': 'Timestamp for this request is outside of the recvWindow.'}
2024-03-10 07:43:03,946:binance_c2c:ERROR:An unexpected error occurred:
Traceback (most recent call last):
  File "c:\Users\p7016\Documents\bpa\binance_c2c.py", line 112, in run_websocket
    if 'chatWssUrl' in response:
TypeError: argument of type 'NoneType' is not iterable
2024-03-10 07:46:00,041:binance_c2c:INFO:Message sent
2024-03-10 07:46:11,349:binance_c2c:INFO:Message sent
2024-03-10 07:46:26,046:binance_c2c:INFO:Message sent
2024-03-10 07:46:41,022:binance_c2c:INFO:Message sent
2024-03-10 07:46:51,099:binance_bank_deposit:INFO:Amount to deposit: 5000.0
2024-03-10 07:46:51,099:binance_bank_deposit:INFO:Buyer bank condition: AND LOWER(a.account_bank_name) = ?
2024-03-10 07:46:51,099:binance_bank_deposit:INFO:Found 1 suitable accounts for order 20600152648748969984
2024-03-10 07:46:51,099:binance_bank_deposit:INFO:Suitable accounts: [('1532335128', 'BBVA')]
2024-03-10 07:46:51,099:binance_bank_deposit:INFO:Total after deposit for buyer 'GUTIERREZ HERNANDEZ JOSE FRANCISCO' on account 1532335128: 5000.0
2024-03-10 07:46:51,099:binance_bank_deposit:INFO:The deposit does not exceed the buyer's monthly limit of 70000.00.
2024-03-10 07:46:51,115:binance_c2c:INFO:Message sent
2024-03-10 07:46:56,128:binance_c2c:INFO:Message sent
2024-03-10 07:47:01,138:binance_c2c:INFO:Message sent
2024-03-10 07:50:40,031:binance_c2c:INFO:Message sent
2024-03-10 07:50:45,041:binance_c2c:INFO:Message sent
2024-03-10 07:50:45,041:binance_c2c:INFO:Message sent
2024-03-10 07:50:48,407:googleapiclient.discovery_cache:INFO:file_cache is only supported with oauth2client<4.0.0
2024-03-10 07:50:49,278:ip_info_io:INFO:Getting IP details for: 189.133.216.6
2024-03-10 07:50:49,563:verify_client_ip:INFO:IP from Country: MX
2024-03-10 07:53:45,715:binance_c2c:INFO:Message sent
2024-03-10 07:53:56,062:binance_c2c:INFO:Message sent
2024-03-10 07:54:05,785:binance_c2c:INFO:Message sent
2024-03-10 07:54:10,783:binance_c2c:INFO:Message sent
2024-03-10 07:54:12,204:binance_c2c:INFO:Message sent
2024-03-10 07:54:23,354:binance_c2c:INFO:Message sent
2024-03-10 07:54:33,386:binance_bank_deposit:INFO:Amount to deposit: 32400.0
2024-03-10 07:54:33,386:binance_bank_deposit:INFO:Buyer bank condition: AND LOWER(a.account_bank_name) = ?
2024-03-10 07:54:33,393:binance_bank_deposit:INFO:Found 0 suitable accounts for order 20600155558072365056
2024-03-10 07:54:33,393:binance_bank_deposit:INFO:Suitable accounts: []
2024-03-10 07:54:33,393:binance_bank_deposit:INFO:Amount to deposit: 32400.0
2024-03-10 07:54:33,393:binance_bank_deposit:INFO:Buyer bank condition: AND LOWER(a.account_bank_name) NOT LIKE '%bbva%'
2024-03-10 07:54:33,393:binance_bank_deposit:INFO:Found 8 suitable accounts for order 20600155558072365056
2024-03-10 07:54:33,393:binance_bank_deposit:INFO:Suitable accounts: [('646180204200033494', 'STP'), ('058597000054265356', 'Banregio'), ('058597000056476091', 'Banregio'), ('710969000016348705', 'Nvio'), ('710969000007300927', 'Nvio'), ('646180146006124571', 'STP'), ('710969000015306104', 'Nvio'), ('014761655091416464', 'Santander')]
2024-03-10 07:54:33,393:binance_bank_deposit:INFO:Total after deposit for buyer 'SANTIAGO PEREZ OSVALDO' on account 646180204200033494: 32400.0
2024-03-10 07:54:33,393:binance_bank_deposit:INFO:The deposit does not exceed the buyer's monthly limit of 70000.00.
2024-03-10 07:54:33,409:binance_c2c:INFO:Message sent
2024-03-10 07:54:38,431:binance_c2c:INFO:Message sent
2024-03-10 07:54:43,424:binance_c2c:INFO:Message sent
2024-03-10 07:56:10,160:binance_c2c:INFO:Message sent
2024-03-10 07:59:09,606:binance_merchant_handler:INFO:Order 20600157696206577664 uses payment method (OXXO or Skrill).
2024-03-10 08:01:25,933:binance_merchant_handler:INFO:Order 20600157696206577664 uses payment method (OXXO or Skrill).
2024-03-10 08:01:51,911:binance_c2c:INFO:Message sent
2024-03-10 08:01:56,926:binance_c2c:INFO:Message sent
2024-03-10 08:02:11,439:common_utils:INFO:Updated server timestamp: 1710082931747
2024-03-10 08:06:05,184:binance_merchant_handler:INFO:Order 20600157696206577664 uses payment method (OXXO or Skrill).
2024-03-10 08:07:20,621:verify_client_ip:WARNING:Attempt 1: Could not fetch the IP. Retrying...
2024-03-10 08:07:23,972:ip_info_io:INFO:Getting IP details for: 187.190.178.82
2024-03-10 08:07:24,280:verify_client_ip:INFO:IP from Country: MX
2024-03-10 08:07:24,280:binance_bank_deposit:INFO:Amount to deposit: 10000.0
2024-03-10 08:07:24,280:binance_bank_deposit:INFO:Buyer bank condition: AND LOWER(a.account_bank_name) NOT LIKE '%bbva%'
2024-03-10 08:07:24,280:binance_bank_deposit:INFO:Found 6 suitable accounts for order 20600159740681801728
2024-03-10 08:07:24,280:binance_bank_deposit:INFO:Suitable accounts: [('058597000054265356', 'Banregio'), ('058597000056476091', 'Banregio'), ('710969000016348705', 'Nvio'), ('710969000007300927', 'Nvio'), ('646180146006124571', 'STP'), ('710969000015306104', 'Nvio')]
2024-03-10 08:07:24,295:binance_bank_deposit:INFO:Total after deposit for buyer 'GANDLA SAI KEERTHANA' on account 058597000054265356: 10000.0
2024-03-10 08:07:24,295:binance_bank_deposit:INFO:The deposit does not exceed the buyer's monthly limit of 70000.00.
2024-03-10 08:07:24,295:binance_c2c:INFO:Message sent
2024-03-10 08:07:29,294:binance_c2c:INFO:Message sent
2024-03-10 08:07:34,289:binance_c2c:INFO:Message sent
2024-03-10 08:07:40,031:binance_c2c:INFO:Message sent
2024-03-10 08:07:45,049:binance_c2c:INFO:Message sent
2024-03-10 08:07:45,049:binance_c2c:INFO:Message sent
2024-03-10 08:07:48,419:ip_info_io:INFO:Getting IP details for: 187.223.55.119
2024-03-10 08:07:48,699:verify_client_ip:INFO:IP from Country: MX
2024-03-10 08:08:30,800:binance_c2c:INFO:Message sent
2024-03-10 08:08:38,106:binance_c2c:INFO:Message sent
2024-03-10 08:08:49,224:binance_c2c:INFO:Message sent
2024-03-10 08:08:59,084:binance_c2c:INFO:Message sent
2024-03-10 08:09:07,950:binance_bank_deposit:INFO:Amount to deposit: 2050.0
2024-03-10 08:09:07,950:binance_bank_deposit:INFO:Buyer bank condition: AND LOWER(a.account_bank_name) = ?
2024-03-10 08:09:07,966:binance_bank_deposit:INFO:Found 2 suitable accounts for order 20600159828689575936
2024-03-10 08:09:07,966:binance_bank_deposit:INFO:Suitable accounts: [('1532335128', 'BBVA'), ('1593999048', 'BBVA')]
2024-03-10 08:09:07,966:binance_bank_deposit:INFO:Total after deposit for buyer 'AVILA MENDEZ LUIS FRANCISCO' on account 1532335128: 2050.0
2024-03-10 08:09:07,966:binance_bank_deposit:INFO:The deposit does not exceed the buyer's monthly limit of 70000.00.
2024-03-10 08:09:07,981:binance_c2c:INFO:Message sent
2024-03-10 08:09:12,979:binance_c2c:INFO:Message sent
2024-03-10 08:09:17,972:binance_c2c:INFO:Message sent
2024-03-10 08:10:51,910:binance_merchant_handler:INFO:Order 20600160641330462720 uses payment method (OXXO or Skrill).
2024-03-10 08:11:38,118:binance_c2c:INFO:Message sent
2024-03-10 08:11:43,125:binance_c2c:INFO:Message sent
2024-03-10 08:11:54,017:binance_c2c:INFO:Message sent
2024-03-10 08:15:37,481:binance_merchant_handler:INFO:Order 20600160641330462720 uses payment method (OXXO or Skrill).
2024-03-10 08:15:49,817:binance_merchant_handler:INFO:Order 20600160641330462720 uses payment method (OXXO or Skrill).
2024-03-10 08:15:56,802:binance_c2c:INFO:Message sent
2024-03-10 08:16:01,815:binance_c2c:INFO:Message sent
2024-03-10 08:17:06,572:binance_c2c:INFO:Message sent
2024-03-10 08:17:11,588:binance_c2c:INFO:Message sent
2024-03-10 08:17:11,588:binance_c2c:INFO:Message sent
2024-03-10 08:17:15,113:verify_client_ip:WARNING:Attempt 1: Could not fetch the IP. Retrying...
2024-03-10 08:17:18,474:verify_client_ip:WARNING:Attempt 2: Could not fetch the IP. Retrying...
2024-03-10 08:17:22,064:verify_client_ip:WARNING:Attempt 3: Could not fetch the IP. Retrying...
2024-03-10 08:17:25,448:ip_info_io:INFO:Getting IP details for: 189.194.184.203
2024-03-10 08:17:25,760:verify_client_ip:INFO:IP from Country: MX
2024-03-10 08:17:59,462:binance_merchant_handler:INFO:Order 20600162435418865664 uses payment method (OXXO or Skrill).
2024-03-10 08:18:21,002:binance_c2c:INFO:Message sent
2024-03-10 08:18:27,444:binance_merchant_handler:INFO:Order 20600162435418865664 uses payment method (OXXO or Skrill).
2024-03-10 08:26:59,545:binance_c2c:INFO:Message sent
2024-03-10 08:27:05,410:binance_c2c:INFO:Message sent
2024-03-10 08:27:25,563:binance_c2c:INFO:Message sent
2024-03-10 08:28:01,833:binance_c2c:INFO:Message sent
2024-03-10 08:28:09,493:binance_bank_deposit:INFO:Amount to deposit: 1848.0
2024-03-10 08:28:09,493:binance_bank_deposit:INFO:Buyer bank condition: AND LOWER(a.account_bank_name) = ?
2024-03-10 08:28:09,493:binance_bank_deposit:INFO:Found 1 suitable accounts for order 20600162212855308288
2024-03-10 08:28:09,493:binance_bank_deposit:INFO:Suitable accounts: [('1593999048', 'BBVA')]
2024-03-10 08:28:09,509:binance_bank_deposit:INFO:Total after deposit for buyer 'TORRES MEDRANO CLAUDIA' on account 1593999048: 1848.0
2024-03-10 08:28:09,509:binance_bank_deposit:INFO:The deposit does not exceed the buyer's monthly limit of 70000.00.
2024-03-10 08:28:09,520:binance_c2c:INFO:Message sent
2024-03-10 08:28:14,542:binance_c2c:INFO:Message sent
2024-03-10 08:28:19,544:binance_c2c:INFO:Message sent
2024-03-10 08:32:08,753:binance_merchant_handler:INFO:Order 20600160641330462720 uses payment method (OXXO or Skrill).
2024-03-10 08:32:11,755:common_utils:INFO:Updated server timestamp: 1710084732066
2024-03-10 08:37:00,624:binance_c2c:INFO:Message sent
2024-03-10 08:44:04,092:binance_c2c:INFO:Message sent
2024-03-10 08:44:09,083:binance_c2c:INFO:Message sent
2024-03-10 08:45:47,979:binance_c2c:INFO:WebSocket connection closed gracefully.
2024-03-10 08:46:43,821:binance_merchant_handler:INFO:Order 20600160641330462720 uses payment method (OXXO or Skrill).
2024-03-10 09:01:41,736:binance_c2c:INFO:Message sent
2024-03-10 09:01:46,746:binance_c2c:INFO:Message sent
2024-03-10 09:01:46,746:binance_c2c:INFO:Message sent
2024-03-10 09:02:12,299:common_utils:INFO:Updated server timestamp: 1710086532624
2024-03-10 09:06:42,458:binance_c2c:INFO:Message sent
2024-03-10 09:06:47,461:binance_c2c:INFO:Message sent
2024-03-10 09:06:47,461:binance_c2c:INFO:Message sent
2024-03-10 09:06:51,050:fetch_outlook:WARNING:Token expires in: 2024-03-10 10:06:51.050956
2024-03-10 09:06:51,463:ip_info_io:INFO:Getting IP details for: 200.68.167.22
2024-03-10 09:06:51,783:verify_client_ip:INFO:IP from Country: MX
2024-03-10 09:09:24,600:binance_merchant_handler:INFO:Order 20600175373786275840 uses payment method (OXXO or Skrill).
2024-03-10 09:10:02,235:binance_merchant_handler:INFO:Order 20600175373786275840 uses payment method (OXXO or Skrill).
2024-03-10 09:12:48,922:binance_merchant_handler:INFO:Order 20600176232077660160 uses payment method (OXXO or Skrill).
2024-03-10 09:14:31,267:binance_merchant_handler:INFO:Order 20600175373786275840 uses payment method (OXXO or Skrill).
2024-03-10 09:18:07,406:binance_merchant_handler:INFO:Order 20600176232077660160 uses payment method (OXXO or Skrill).
2024-03-10 09:18:23,747:binance_merchant_handler:INFO:Order 20600176232077660160 uses payment method (OXXO or Skrill).
2024-03-10 09:19:10,932:binance_merchant_handler:INFO:Order 20600176232077660160 uses payment method (OXXO or Skrill).
2024-03-10 09:19:18,258:binance_merchant_handler:INFO:Order 20600176232077660160 uses payment method (OXXO or Skrill).
2024-03-10 09:21:41,983:binance_c2c:INFO:Message sent
2024-03-10 09:21:46,988:binance_c2c:INFO:Message sent
2024-03-10 09:32:12,651:common_utils:INFO:Updated server timestamp: 1710088332972
2024-03-10 09:39:30,945:binance_c2c:INFO:Message sent
2024-03-10 09:52:11,208:binance_merchant_handler:INFO:Order 20600186139818889216 uses payment method (OXXO or Skrill).
2024-03-10 09:55:12,047:binance_merchant_handler:INFO:Order 20600186898747297792 uses payment method (OXXO or Skrill).
2024-03-10 09:55:31,385:binance_merchant_handler:INFO:Order 20600186898747297792 uses payment method (OXXO or Skrill).
2024-03-10 09:55:44,250:binance_merchant_handler:INFO:Order 20600186139818889216 uses payment method (OXXO or Skrill).
2024-03-10 09:56:11,100:binance_merchant_handler:INFO:Order 20600186139818889216 uses payment method (OXXO or Skrill).
2024-03-10 09:56:19,256:binance_merchant_handler:INFO:Order 20600186898747297792 uses payment method (OXXO or Skrill).
2024-03-10 09:57:00,713:binance_merchant_handler:INFO:Order 20600160641330462720 uses payment method (OXXO or Skrill).
2024-03-10 09:57:02,965:binance_merchant_handler:INFO:Order 20600160641330462720 uses payment method (OXXO or Skrill).
2024-03-10 09:57:06,309:binance_merchant_handler:INFO:Order 20600186898747297792 uses payment method (OXXO or Skrill).
2024-03-10 09:57:09,464:binance_merchant_handler:INFO:Order 20600186139818889216 uses payment method (OXXO or Skrill).
2024-03-10 09:57:17,873:binance_merchant_handler:INFO:Order 20600186139818889216 uses payment method (OXXO or Skrill).
2024-03-10 09:57:18,196:binance_merchant_handler:INFO:Order 20600186139818889216 uses payment method (OXXO or Skrill).
2024-03-10 09:57:33,183:binance_merchant_handler:INFO:Order 20600186139818889216 uses payment method (OXXO or Skrill).
2024-03-10 09:57:39,024:binance_merchant_handler:INFO:Order 20600186139818889216 uses payment method (OXXO or Skrill).
2024-03-10 09:58:01,690:binance_merchant_handler:INFO:Order 20600186139818889216 uses payment method (OXXO or Skrill).
2024-03-10 09:58:12,740:binance_merchant_handler:INFO:Order 20600186139818889216 uses payment method (OXXO or Skrill).
2024-03-10 09:59:31,264:binance_merchant_handler:INFO:Order 20600186898747297792 uses payment method (OXXO or Skrill).
2024-03-10 10:00:14,398:binance_merchant_handler:INFO:Order 20600186898747297792 uses payment method (OXXO or Skrill).
2024-03-10 10:01:01,579:binance_merchant_handler:INFO:Order 20600186898747297792 uses payment method (OXXO or Skrill).
2024-03-10 10:01:48,357:binance_merchant_handler:INFO:Order 20600186898747297792 uses payment method (OXXO or Skrill).
2024-03-10 10:02:13,114:common_utils:INFO:Updated server timestamp: 1710090133437
2024-03-10 10:02:43,688:binance_merchant_handler:INFO:Order 20600186139818889216 uses payment method (OXXO or Skrill).
2024-03-10 10:02:57,151:binance_merchant_handler:INFO:Order 20600186139818889216 uses payment method (OXXO or Skrill).
2024-03-10 10:03:31,200:binance_merchant_handler:INFO:Order 20600186139818889216 uses payment method (OXXO or Skrill).
2024-03-10 10:03:40,213:binance_merchant_handler:INFO:Order 20600186139818889216 uses payment method (OXXO or Skrill).
2024-03-10 10:03:56,144:binance_merchant_handler:INFO:Order 20600186139818889216 uses payment method (OXXO or Skrill).
2024-03-10 10:04:14,685:binance_merchant_handler:INFO:Order 20600160641330462720 uses payment method (OXXO or Skrill).
2024-03-10 10:06:22,252:binance_merchant_handler:INFO:Order 20600176232077660160 uses payment method (OXXO or Skrill).
2024-03-10 10:07:01,823:binance_merchant_handler:INFO:Order 20600186139818889216 uses payment method (OXXO or Skrill).
2024-03-10 10:07:24,944:binance_merchant_handler:INFO:Order 20600186139818889216 uses payment method (OXXO or Skrill).
2024-03-10 10:08:30,233:binance_merchant_handler:INFO:Order 20600186139818889216 uses payment method (OXXO or Skrill).
2024-03-10 10:09:10,294:binance_merchant_handler:INFO:Order 20600186139818889216 uses payment method (OXXO or Skrill).
2024-03-10 10:09:37,339:binance_merchant_handler:INFO:Order 20600186139818889216 uses payment method (OXXO or Skrill).
2024-03-10 10:09:41,869:binance_merchant_handler:INFO:Order 20600186139818889216 uses payment method (OXXO or Skrill).
2024-03-10 10:09:49,514:binance_merchant_handler:INFO:Order 20600186139818889216 uses payment method (OXXO or Skrill).
2024-03-10 10:12:24,903:binance_merchant_handler:INFO:Order 20600186139818889216 uses payment method (OXXO or Skrill).
2024-03-10 10:12:46,979:binance_merchant_handler:INFO:Order 20600186139818889216 uses payment method (OXXO or Skrill).
2024-03-10 10:13:20,937:binance_merchant_handler:INFO:Order 20600186139818889216 uses payment method (OXXO or Skrill).
2024-03-10 10:14:39,315:binance_c2c:INFO:Message sent
2024-03-10 10:15:56,480:binance_merchant_handler:INFO:Order 20600160641330462720 uses payment method (OXXO or Skrill).
2024-03-10 10:16:09,476:binance_merchant_handler:INFO:Order 20600160641330462720 uses payment method (OXXO or Skrill).
2024-03-10 10:16:26,225:binance_c2c:INFO:Message sent
2024-03-10 10:16:37,243:binance_merchant_handler:INFO:Order 20600186139818889216 uses payment method (OXXO or Skrill).
2024-03-10 10:16:51,601:binance_c2c:INFO:Message sent
2024-03-10 10:17:16,876:binance_merchant_handler:INFO:Order 20600186139818889216 uses payment method (OXXO or Skrill).
2024-03-10 10:17:32,154:binance_merchant_handler:INFO:Order 20600186898747297792 uses payment method (OXXO or Skrill).
2024-03-10 10:17:32,154:binance_merchant_handler:INFO:Order 20600186898747297792 uses payment method (OXXO or Skrill).
2024-03-10 10:17:32,170:binance_merchant_handler:INFO:Order 20600186898747297792 uses payment method (OXXO or Skrill).
2024-03-10 10:17:32,175:binance_merchant_handler:INFO:Order 20600186898747297792 uses payment method (OXXO or Skrill).
2024-03-10 10:17:32,175:binance_merchant_handler:INFO:Order 20600186898747297792 uses payment method (OXXO or Skrill).
2024-03-10 10:17:32,186:binance_merchant_handler:INFO:Order 20600186898747297792 uses payment method (OXXO or Skrill).
2024-03-10 10:17:41,937:binance_merchant_handler:INFO:Order 20600186898747297792 uses payment method (OXXO or Skrill).
2024-03-10 10:17:49,340:binance_merchant_handler:INFO:Order 20600186139818889216 uses payment method (OXXO or Skrill).
2024-03-10 10:17:49,356:binance_merchant_handler:INFO:Order 20600186139818889216 uses payment method (OXXO or Skrill).
2024-03-10 10:17:49,361:binance_merchant_handler:INFO:Order 20600186139818889216 uses payment method (OXXO or Skrill).
2024-03-10 10:17:49,361:binance_merchant_handler:INFO:Order 20600186139818889216 uses payment method (OXXO or Skrill).
2024-03-10 10:17:49,372:binance_merchant_handler:INFO:Order 20600186139818889216 uses payment method (OXXO or Skrill).
2024-03-10 10:17:49,372:binance_merchant_handler:INFO:Order 20600186139818889216 uses payment method (OXXO or Skrill).
2024-03-10 10:17:49,372:binance_merchant_handler:INFO:Order 20600186139818889216 uses payment method (OXXO or Skrill).
2024-03-10 10:17:49,372:binance_merchant_handler:INFO:Order 20600186139818889216 uses payment method (OXXO or Skrill).
2024-03-10 10:17:49,388:binance_merchant_handler:INFO:Order 20600186139818889216 uses payment method (OXXO or Skrill).
2024-03-10 10:17:49,388:binance_merchant_handler:INFO:Order 20600186139818889216 uses payment method (OXXO or Skrill).
2024-03-10 10:17:49,388:binance_merchant_handler:INFO:Order 20600186139818889216 uses payment method (OXXO or Skrill).
2024-03-10 10:17:49,388:binance_merchant_handler:INFO:Order 20600186139818889216 uses payment method (OXXO or Skrill).
2024-03-10 10:17:49,388:binance_merchant_handler:INFO:Order 20600186139818889216 uses payment method (OXXO or Skrill).
2024-03-10 10:17:49,388:binance_merchant_handler:INFO:Order 20600186139818889216 uses payment method (OXXO or Skrill).
2024-03-10 10:17:49,403:binance_merchant_handler:INFO:Order 20600186139818889216 uses payment method (OXXO or Skrill).
2024-03-10 10:17:49,403:binance_merchant_handler:INFO:Order 20600186139818889216 uses payment method (OXXO or Skrill).
2024-03-10 10:17:49,403:binance_merchant_handler:INFO:Order 20600186139818889216 uses payment method (OXXO or Skrill).
2024-03-10 10:17:49,403:binance_merchant_handler:INFO:Order 20600186139818889216 uses payment method (OXXO or Skrill).
2024-03-10 10:17:49,419:binance_merchant_handler:INFO:Order 20600186139818889216 uses payment method (OXXO or Skrill).
2024-03-10 10:17:49,419:binance_merchant_handler:INFO:Order 20600186139818889216 uses payment method (OXXO or Skrill).
2024-03-10 10:17:49,419:binance_merchant_handler:INFO:Order 20600186139818889216 uses payment method (OXXO or Skrill).
2024-03-10 10:17:49,419:binance_merchant_handler:INFO:Order 20600186139818889216 uses payment method (OXXO or Skrill).
2024-03-10 10:17:49,434:binance_merchant_handler:INFO:Order 20600186139818889216 uses payment method (OXXO or Skrill).
2024-03-10 10:17:49,434:binance_merchant_handler:INFO:Order 20600186139818889216 uses payment method (OXXO or Skrill).
2024-03-10 10:17:49,434:binance_merchant_handler:INFO:Order 20600186139818889216 uses payment method (OXXO or Skrill).
2024-03-10 10:18:24,575:binance_merchant_handler:INFO:Order 20600176232077660160 uses payment method (OXXO or Skrill).
2024-03-10 10:18:24,575:binance_merchant_handler:INFO:Order 20600176232077660160 uses payment method (OXXO or Skrill).
2024-03-10 10:18:24,593:binance_merchant_handler:INFO:Order 20600176232077660160 uses payment method (OXXO or Skrill).
2024-03-10 10:18:47,201:binance_merchant_handler:INFO:Order 20600176232077660160 uses payment method (OXXO or Skrill).
2024-03-10 10:19:19,943:binance_merchant_handler:INFO:Order 20600160641330462720 uses payment method (OXXO or Skrill).
2024-03-10 10:19:19,943:binance_merchant_handler:INFO:Order 20600160641330462720 uses payment method (OXXO or Skrill).
2024-03-10 10:19:19,962:binance_merchant_handler:INFO:Order 20600160641330462720 uses payment method (OXXO or Skrill).
2024-03-10 10:19:19,962:binance_merchant_handler:INFO:Order 20600160641330462720 uses payment method (OXXO or Skrill).
2024-03-10 10:19:19,962:binance_merchant_handler:INFO:Order 20600160641330462720 uses payment method (OXXO or Skrill).
2024-03-10 10:19:19,975:binance_merchant_handler:INFO:Order 20600160641330462720 uses payment method (OXXO or Skrill).
2024-03-10 10:19:19,975:binance_merchant_handler:INFO:Order 20600160641330462720 uses payment method (OXXO or Skrill).
2024-03-10 10:19:32,633:binance_merchant_handler:INFO:Order 20600160641330462720 uses payment method (OXXO or Skrill).
2024-03-10 10:20:58,899:binance_c2c:INFO:Message sent
2024-03-10 10:21:07,095:binance_merchant_handler:INFO:Order 20600157696206577664 uses payment method (OXXO or Skrill).
2024-03-10 10:21:07,095:binance_merchant_handler:INFO:Order 20600157696206577664 uses payment method (OXXO or Skrill).
2024-03-10 10:21:26,010:binance_merchant_handler:INFO:Order 20600157696206577664 uses payment method (OXXO or Skrill).
2024-03-10 10:23:07,800:binance_merchant_handler:INFO:Order 20600186139818889216 uses payment method (OXXO or Skrill).
2024-03-10 10:23:18,786:binance_merchant_handler:INFO:Order 20600186139818889216 uses payment method (OXXO or Skrill).
2024-03-10 10:23:24,902:binance_merchant_handler:INFO:Order 20600186139818889216 uses payment method (OXXO or Skrill).
2024-03-10 10:24:55,922:binance_merchant_handler:INFO:Order 20600186139818889216 uses payment method (OXXO or Skrill).
2024-03-10 10:24:55,922:binance_merchant_handler:INFO:Order 20600186139818889216 uses payment method (OXXO or Skrill).
2024-03-10 10:24:55,943:binance_merchant_handler:INFO:Order 20600186139818889216 uses payment method (OXXO or Skrill).
2024-03-10 10:30:08,542:binance_merchant_handler:INFO:Order 20600186139818889216 uses payment method (OXXO or Skrill).
2024-03-10 10:30:20,341:binance_merchant_handler:INFO:Order 20600186139818889216 uses payment method (OXXO or Skrill).
2024-03-10 10:31:31,921:binance_merchant_handler:INFO:Order 20600186139818889216 uses payment method (OXXO or Skrill).
2024-03-10 10:31:43,796:binance_merchant_handler:INFO:Order 20600186139818889216 uses payment method (OXXO or Skrill).
2024-03-10 10:31:49,336:binance_merchant_handler:INFO:Order 20600186139818889216 uses payment method (OXXO or Skrill).
2024-03-10 10:31:54,466:binance_merchant_handler:INFO:Order 20600186139818889216 uses payment method (OXXO or Skrill).
2024-03-10 10:32:06,332:binance_merchant_handler:INFO:Order 20600186139818889216 uses payment method (OXXO or Skrill).
2024-03-10 10:32:13,587:common_utils:INFO:Updated server timestamp: 1710091933911
2024-03-10 10:32:32,357:binance_merchant_handler:INFO:Order 20600186139818889216 uses payment method (OXXO or Skrill).
2024-03-10 10:36:12,591:binance_merchant_handler:INFO:Order 20600186139818889216 uses payment method (OXXO or Skrill).
2024-03-10 10:39:52,254:binance_merchant_handler:INFO:Order 20600186139818889216 uses payment method (OXXO or Skrill).
2024-03-10 10:39:58,396:binance_merchant_handler:INFO:Order 20600186139818889216 uses payment method (OXXO or Skrill).
2024-03-10 10:40:03,306:binance_merchant_handler:INFO:Order 20600186139818889216 uses payment method (OXXO or Skrill).
2024-03-10 10:40:05,354:binance_merchant_handler:INFO:Order 20600186139818889216 uses payment method (OXXO or Skrill).
2024-03-10 10:40:10,140:binance_merchant_handler:INFO:Order 20600186139818889216 uses payment method (OXXO or Skrill).
2024-03-10 10:45:14,846:binance_c2c:INFO:Message sent
2024-03-10 10:45:19,852:binance_c2c:INFO:Message sent
2024-03-10 10:45:19,852:binance_c2c:INFO:Message sent
2024-03-10 10:45:23,726:fetch_outlook:WARNING:Token expires in: 2024-03-10 11:45:23.726366
2024-03-10 10:45:24,139:ip_info_io:INFO:Getting IP details for: 201.162.233.243
2024-03-10 10:45:24,453:verify_client_ip:INFO:IP from Country: MX
2024-03-10 10:47:16,997:binance_c2c:INFO:Message sent
2024-03-10 10:47:22,014:binance_c2c:INFO:Message sent
2024-03-10 10:48:52,515:binance_merchant_handler:INFO:Order 20600186139818889216 uses payment method (OXXO or Skrill).
2024-03-10 10:49:08,283:binance_merchant_handler:INFO:Order 20600186139818889216 uses payment method (OXXO or Skrill).
2024-03-10 10:49:15,848:binance_merchant_handler:INFO:Order 20600186139818889216 uses payment method (OXXO or Skrill).
2024-03-10 10:49:24,980:binance_merchant_handler:INFO:Order 20600186139818889216 uses payment method (OXXO or Skrill).
2024-03-10 10:50:31,119:verify_client_ip:WARNING:Attempt 1: Could not fetch the IP. Retrying...
2024-03-10 10:50:34,495:verify_client_ip:WARNING:Attempt 2: Could not fetch the IP. Retrying...
2024-03-10 10:50:37,950:ip_info_io:INFO:Getting IP details for: 187.190.178.82
2024-03-10 10:50:38,254:verify_client_ip:INFO:IP from Country: MX
2024-03-10 10:50:38,254:binance_bank_deposit:INFO:Amount to deposit: 17800.0
2024-03-10 10:50:38,254:binance_bank_deposit:INFO:Buyer bank condition: AND LOWER(a.account_bank_name) NOT LIKE '%bbva%'
2024-03-10 10:50:38,269:binance_bank_deposit:INFO:Found 7 suitable accounts for order 20600200804762271744
2024-03-10 10:50:38,269:binance_bank_deposit:INFO:Suitable accounts: [('058597000056476091', 'Banregio'), ('710969000016348705', 'Nvio'), ('710969000007300927', 'Nvio'), ('646180204200033494', 'STP'), ('646180146006124571', 'STP'), ('710969000015306104', 'Nvio'), ('014761655091416464', 'Santander')]
2024-03-10 10:50:38,269:binance_bank_deposit:INFO:Total after deposit for buyer 'GANDLA SAI KEERTHANA' on account 058597000056476091: 17800.0
2024-03-10 10:50:38,269:binance_bank_deposit:INFO:The deposit does not exceed the buyer's monthly limit of 70000.00.
2024-03-10 10:50:38,285:binance_c2c:INFO:Message sent
2024-03-10 10:50:43,281:binance_c2c:INFO:Message sent
2024-03-10 10:50:48,282:binance_c2c:INFO:Message sent
2024-03-10 10:53:56,554:binance_c2c:INFO:Message sent
2024-03-10 10:54:01,568:binance_c2c:INFO:Message sent
2024-03-10 10:54:01,570:binance_c2c:INFO:Message sent
2024-03-10 10:54:04,975:ip_info_io:INFO:Getting IP details for: 200.68.182.44
2024-03-10 10:54:05,287:verify_client_ip:INFO:IP from Country: MX
2024-03-10 10:54:05,303:binance_merchant_handler:INFO:Order 20600186139818889216 uses payment method (OXXO or Skrill).
2024-03-10 10:54:37,399:binance_c2c:INFO:Message sent
2024-03-10 10:54:42,407:binance_c2c:INFO:Message sent
2024-03-10 10:54:51,534:binance_c2c:INFO:Message sent
2024-03-10 10:55:01,863:binance_merchant_handler:INFO:Order 20600186139818889216 uses payment method (OXXO or Skrill).
2024-03-10 10:56:38,955:binance_c2c:INFO:Message sent
2024-03-10 10:57:07,238:binance_c2c:INFO:Message sent
2024-03-10 10:57:12,239:binance_c2c:INFO:Message sent
2024-03-10 11:02:14,404:common_utils:INFO:Updated server timestamp: 1710093734681
2024-03-10 11:22:27,547:binance_c2c:INFO:Message sent
2024-03-10 11:22:32,567:binance_c2c:INFO:Message sent
2024-03-10 11:22:32,567:binance_c2c:INFO:Message sent
2024-03-10 11:22:35,982:googleapiclient.discovery_cache:INFO:file_cache is only supported with oauth2client<4.0.0
2024-03-10 11:22:36,765:ip_info_io:INFO:Getting IP details for: 200.68.182.44
2024-03-10 11:22:37,049:verify_client_ip:INFO:IP from Country: MX
2024-03-10 11:32:14,910:common_utils:INFO:Updated server timestamp: 1710095535245
2024-03-10 11:35:23,965:binance_c2c:INFO:Message sent
2024-03-10 11:35:28,964:binance_c2c:INFO:Message sent
2024-03-10 11:35:28,966:binance_c2c:INFO:Message sent
2024-03-10 11:35:32,440:verify_client_ip:WARNING:Attempt 1: Could not fetch the IP. Retrying...
2024-03-10 11:35:35,810:ip_info_io:INFO:Getting IP details for: 187.213.124.61
2024-03-10 11:35:36,108:verify_client_ip:INFO:IP from Country: MX
2024-03-10 11:37:26,948:binance_c2c:INFO:Message sent
2024-03-10 11:37:31,964:binance_c2c:INFO:Message sent
2024-03-10 12:02:15,407:common_utils:INFO:Updated server timestamp: 1710097335739
2024-03-10 12:28:53,172:binance_c2c:INFO:Message sent
2024-03-10 12:28:58,185:binance_c2c:INFO:Message sent
2024-03-10 12:30:59,291:binance_c2c:INFO:Message sent
2024-03-10 12:31:04,290:binance_c2c:INFO:Message sent
2024-03-10 12:31:04,290:binance_c2c:INFO:Message sent
2024-03-10 12:31:07,949:fetch_outlook:WARNING:Token expires in: 2024-03-10 13:31:07.949043
2024-03-10 12:31:08,384:verify_client_ip:WARNING:Attempt 1: Could not fetch the IP. Retrying...
2024-03-10 12:31:11,767:ip_info_io:INFO:Getting IP details for: 187.187.224.47
2024-03-10 12:31:12,066:verify_client_ip:INFO:IP from Country: MX
2024-03-10 12:32:15,909:common_utils:INFO:Updated server timestamp: 1710099136250
2024-03-10 12:45:58,841:binance_c2c:INFO:Message sent
2024-03-10 12:46:03,842:binance_c2c:INFO:Message sent
2024-03-10 12:51:01,016:binance_c2c:INFO:Message sent
2024-03-10 12:51:06,033:binance_c2c:INFO:Message sent
2024-03-10 12:51:06,036:binance_c2c:INFO:Message sent
2024-03-10 12:51:09,524:ip_info_io:INFO:Getting IP details for: 201.166.190.107
2024-03-10 12:51:09,900:verify_client_ip:INFO:IP from Country: MX
2024-03-10 12:52:38,401:binance_c2c:INFO:Message sent
2024-03-10 12:52:43,402:binance_c2c:INFO:Message sent
2024-03-10 13:02:20,972:common_utils:INFO:Updated server timestamp: 1710100941304
2024-03-10 13:08:17,787:googleapiclient.discovery_cache:INFO:file_cache is only supported with oauth2client<4.0.0
2024-03-10 13:08:18,853:ip_info_io:INFO:Getting IP details for: 187.171.32.20
2024-03-10 13:08:19,160:verify_client_ip:INFO:IP from Country: MX
2024-03-10 13:08:19,160:binance_bank_deposit:INFO:Amount to deposit: 1800.0
2024-03-10 13:08:19,160:binance_bank_deposit:INFO:Buyer bank condition: AND LOWER(a.account_bank_name) NOT LIKE '%bbva%'
2024-03-10 13:08:19,175:binance_bank_deposit:INFO:Found 7 suitable accounts for order 20600235477301276672
2024-03-10 13:08:19,175:binance_bank_deposit:INFO:Suitable accounts: [('710969000016348705', 'Nvio'), ('710969000007300927', 'Nvio'), ('058597000054265356', 'Banregio'), ('646180204200033494', 'STP'), ('646180146006124571', 'STP'), ('710969000015306104', 'Nvio'), ('014761655091416464', 'Santander')]
2024-03-10 13:08:19,175:binance_bank_deposit:INFO:Total after deposit for buyer 'DIAZ DE RAMONA JESUS' on account 710969000016348705: 1800.0
2024-03-10 13:08:19,175:binance_bank_deposit:INFO:The deposit does not exceed the buyer's monthly limit of 70000.00.
2024-03-10 13:08:19,191:binance_c2c:INFO:Message sent
2024-03-10 13:08:24,209:binance_c2c:INFO:Message sent
2024-03-10 13:08:29,215:binance_c2c:INFO:Message sent
2024-03-10 13:24:37,979:binance_merchant_handler:INFO:Order 20600186139818889216 uses payment method (OXXO or Skrill).
2024-03-10 13:24:37,994:binance_merchant_handler:INFO:Order 20600186139818889216 uses payment method (OXXO or Skrill).
2024-03-10 13:24:38,003:binance_merchant_handler:INFO:Order 20600186139818889216 uses payment method (OXXO or Skrill).
2024-03-10 13:24:38,003:binance_merchant_handler:INFO:Order 20600186139818889216 uses payment method (OXXO or Skrill).
2024-03-10 13:24:38,010:binance_merchant_handler:INFO:Order 20600186139818889216 uses payment method (OXXO or Skrill).
2024-03-10 13:24:38,017:binance_merchant_handler:INFO:Order 20600186139818889216 uses payment method (OXXO or Skrill).
2024-03-10 13:24:38,017:binance_merchant_handler:INFO:Order 20600186139818889216 uses payment method (OXXO or Skrill).
2024-03-10 13:24:38,026:binance_merchant_handler:INFO:Order 20600186139818889216 uses payment method (OXXO or Skrill).
2024-03-10 13:24:38,026:binance_merchant_handler:INFO:Order 20600186139818889216 uses payment method (OXXO or Skrill).
2024-03-10 13:24:38,026:binance_merchant_handler:INFO:Order 20600186139818889216 uses payment method (OXXO or Skrill).
2024-03-10 13:24:38,026:binance_merchant_handler:INFO:Order 20600186139818889216 uses payment method (OXXO or Skrill).
2024-03-10 13:24:38,026:binance_merchant_handler:INFO:Order 20600186139818889216 uses payment method (OXXO or Skrill).
2024-03-10 13:24:38,026:binance_merchant_handler:INFO:Order 20600186139818889216 uses payment method (OXXO or Skrill).
2024-03-10 13:24:38,026:binance_merchant_handler:INFO:Order 20600186139818889216 uses payment method (OXXO or Skrill).
2024-03-10 13:24:38,042:binance_merchant_handler:INFO:Order 20600186139818889216 uses payment method (OXXO or Skrill).
2024-03-10 13:24:38,042:binance_merchant_handler:INFO:Order 20600186139818889216 uses payment method (OXXO or Skrill).
2024-03-10 13:24:38,042:binance_merchant_handler:INFO:Order 20600186139818889216 uses payment method (OXXO or Skrill).
2024-03-10 13:24:38,042:binance_merchant_handler:INFO:Order 20600186139818889216 uses payment method (OXXO or Skrill).
2024-03-10 13:24:38,058:binance_merchant_handler:INFO:Order 20600186139818889216 uses payment method (OXXO or Skrill).
2024-03-10 13:31:53,399:binance_c2c:INFO:Message sent
2024-03-10 13:31:58,414:binance_c2c:INFO:Message sent
2024-03-10 13:32:21,395:common_utils:INFO:Updated server timestamp: 1710102741733
2024-03-10 14:00:45,664:binance_c2c:INFO:Message sent
2024-03-10 14:00:50,663:binance_c2c:INFO:Message sent
2024-03-10 14:00:50,663:binance_c2c:INFO:Message sent
2024-03-10 14:00:53,670:googleapiclient.discovery_cache:INFO:file_cache is only supported with oauth2client<4.0.0
2024-03-10 14:00:54,506:ip_info_io:INFO:Getting IP details for: 187.187.229.117
2024-03-10 14:00:55,033:verify_client_ip:INFO:IP from Country: MX
2024-03-10 14:02:21,821:common_utils:INFO:Updated server timestamp: 1710104542163
2024-03-10 14:04:16,049:binance_c2c:INFO:Message sent
2024-03-10 14:04:26,290:binance_c2c:INFO:Message sent
2024-03-10 14:04:36,222:binance_c2c:INFO:Message sent
2024-03-10 14:04:49,472:binance_c2c:INFO:Message sent
2024-03-10 14:04:59,340:binance_c2c:INFO:Message sent
2024-03-10 14:04:59,340:binance_c2c:INFO:Message sent
2024-03-10 14:05:11,960:binance_bank_deposit:INFO:Amount to deposit: 50000.0
2024-03-10 14:05:11,960:binance_bank_deposit:INFO:Buyer bank condition: AND LOWER(a.account_bank_name) = ?
2024-03-10 14:05:11,976:binance_bank_deposit:INFO:Found 1 suitable accounts for order 20600248695564763136
2024-03-10 14:05:11,976:binance_bank_deposit:INFO:Suitable accounts: [('014761655091416464', 'Santander')]
2024-03-10 14:05:11,976:binance_bank_deposit:INFO:Total after deposit for buyer 'ARAUJO ROMERO ANGEL JOSE' on account 014761655091416464: 50000.0
2024-03-10 14:05:11,976:binance_bank_deposit:INFO:The deposit does not exceed the buyer's monthly limit of 70000.00.
2024-03-10 14:05:11,992:binance_c2c:INFO:Message sent
2024-03-10 14:05:17,007:binance_c2c:INFO:Message sent
2024-03-10 14:05:22,019:binance_c2c:INFO:Message sent
2024-03-10 14:15:45,187:binance_c2c:INFO:Message sent
2024-03-10 14:15:50,222:binance_c2c:INFO:Message sent
2024-03-10 14:29:22,376:binance_c2c:INFO:Message sent
2024-03-10 14:29:27,392:binance_c2c:INFO:Message sent
2024-03-10 14:29:27,394:binance_c2c:INFO:Message sent
2024-03-10 14:29:31,040:fetch_outlook:WARNING:Token expires in: 2024-03-10 15:29:31.040017
2024-03-10 14:29:31,474:ip_info_io:INFO:Getting IP details for: 189.225.171.206
2024-03-10 14:29:31,793:verify_client_ip:INFO:IP from Country: MX
2024-03-10 14:32:22,235:common_utils:INFO:Updated server timestamp: 1710106342593
2024-03-10 14:36:27,175:binance_c2c:INFO:Message sent
2024-03-10 14:36:32,172:binance_c2c:INFO:Message sent
2024-03-10 14:36:32,172:binance_c2c:INFO:Message sent
2024-03-10 14:36:35,607:ip_info_io:INFO:Getting IP details for: 189.220.43.84
2024-03-10 14:36:35,921:verify_client_ip:INFO:IP from Country: MX
2024-03-10 14:37:14,722:binance_c2c:INFO:Message sent
2024-03-10 14:37:25,381:binance_c2c:INFO:Message sent
2024-03-10 14:39:15,544:binance_c2c:INFO:Message sent
2024-03-10 14:39:22,016:binance_c2c:INFO:Message sent
2024-03-10 14:39:31,027:binance_bank_deposit:INFO:Amount to deposit: 1700.0
2024-03-10 14:39:31,027:binance_bank_deposit:INFO:Buyer bank condition: AND LOWER(a.account_bank_name) = ?
2024-03-10 14:39:31,043:binance_bank_deposit:INFO:Found 2 suitable accounts for order 20600257677828706304
2024-03-10 14:39:31,043:binance_bank_deposit:INFO:Suitable accounts: [('1532335128', 'BBVA'), ('1593999048', 'BBVA')]
2024-03-10 14:39:31,043:binance_bank_deposit:INFO:Total after deposit for buyer 'MARRUFO QUINTAL ALDAIR ALID' on account 1532335128: 1700.0
2024-03-10 14:39:31,043:binance_bank_deposit:INFO:The deposit does not exceed the buyer's monthly limit of 70000.00.
2024-03-10 14:39:31,053:binance_c2c:INFO:Message sent
2024-03-10 14:39:36,067:binance_c2c:INFO:Message sent
2024-03-10 14:39:41,072:binance_c2c:INFO:Message sent
2024-03-10 14:41:09,858:verify_client_ip:WARNING:Attempt 1: Could not fetch the IP. Retrying...
2024-03-10 14:41:13,214:verify_client_ip:WARNING:Attempt 2: Could not fetch the IP. Retrying...
2024-03-10 14:41:16,572:ip_info_io:INFO:Getting IP details for: 187.171.32.20
2024-03-10 14:41:16,869:verify_client_ip:INFO:IP from Country: MX
2024-03-10 14:41:16,885:binance_bank_deposit:INFO:Amount to deposit: 1800.0
2024-03-10 14:41:16,885:binance_bank_deposit:INFO:Buyer bank condition: AND LOWER(a.account_bank_name) NOT LIKE '%bbva%'
2024-03-10 14:41:16,885:binance_bank_deposit:INFO:Found 8 suitable accounts for order 20600258849129181184
2024-03-10 14:41:16,885:binance_bank_deposit:INFO:Suitable accounts: [('710969000016348705', 'Nvio'), ('710969000007300927', 'Nvio'), ('058597000054265356', 'Banregio'), ('058597000056476091', 'Banregio'), ('646180204200033494', 'STP'), ('646180146006124571', 'STP'), ('710969000015306104', 'Nvio'), ('014761655091416464', 'Santander')]
2024-03-10 14:41:16,900:binance_bank_deposit:INFO:Total after deposit for buyer 'DIAZ DE RAMONA JESUS' on account 710969000016348705: 1800.0
2024-03-10 14:41:16,900:binance_bank_deposit:INFO:The deposit does not exceed the buyer's monthly limit of 70000.00.
2024-03-10 14:41:16,900:binance_c2c:INFO:Message sent
2024-03-10 14:41:21,904:binance_c2c:INFO:Message sent
2024-03-10 14:41:26,912:binance_c2c:INFO:Message sent
2024-03-10 14:42:35,055:binance_c2c:INFO:Message sent
2024-03-10 14:42:40,062:binance_c2c:INFO:Message sent
2024-03-10 14:42:40,062:binance_c2c:INFO:Message sent
2024-03-10 14:42:43,484:verify_client_ip:WARNING:Attempt 1: Could not fetch the IP. Retrying...
2024-03-10 14:42:46,828:ip_info_io:INFO:Getting IP details for: 189.233.120.60
2024-03-10 14:42:47,197:verify_client_ip:INFO:IP from Country: MX
2024-03-10 14:43:35,861:binance_c2c:INFO:Message sent
2024-03-10 14:43:40,875:binance_c2c:INFO:Message sent
2024-03-10 14:44:21,949:binance_c2c:INFO:Message sent
2024-03-10 14:44:26,940:binance_c2c:INFO:Message sent
2024-03-10 14:44:35,751:binance_c2c:INFO:Message sent
2024-03-10 14:46:26,666:binance_c2c:INFO:Message sent
2024-03-10 14:48:43,792:binance_c2c:INFO:Message sent
2024-03-10 14:48:48,795:binance_c2c:INFO:Message sent
2024-03-10 14:48:48,796:binance_c2c:INFO:Message sent
2024-03-10 14:48:52,168:googleapiclient.discovery_cache:INFO:file_cache is only supported with oauth2client<4.0.0
2024-03-10 14:48:52,941:ip_info_io:INFO:Getting IP details for: 187.190.144.6
2024-03-10 14:48:53,242:verify_client_ip:INFO:IP from Country: MX
2024-03-10 14:52:35,667:binance_c2c:INFO:Message sent
2024-03-10 14:52:40,667:binance_c2c:INFO:Message sent
2024-03-10 14:52:40,667:binance_c2c:INFO:Message sent
2024-03-10 14:52:44,093:ip_info_io:INFO:Getting IP details for: 189.225.171.206
2024-03-10 14:52:44,403:verify_client_ip:INFO:IP from Country: MX
2024-03-10 14:53:42,281:binance_c2c:INFO:Message sent
2024-03-10 14:53:49,580:binance_c2c:INFO:Message sent
2024-03-10 14:54:08,393:binance_c2c:INFO:Message sent
2024-03-10 14:54:21,208:binance_c2c:INFO:Message sent
2024-03-10 14:54:33,580:binance_bank_deposit:INFO:Amount to deposit: 16000.0
2024-03-10 14:54:33,596:binance_bank_deposit:INFO:Buyer bank condition: AND LOWER(a.account_bank_name) = ?
2024-03-10 14:54:33,596:binance_bank_deposit:INFO:Found 2 suitable accounts for order 20600260767976423424
2024-03-10 14:54:33,596:binance_bank_deposit:INFO:Suitable accounts: [('1532335128', 'BBVA'), ('1593999048', 'BBVA')]
2024-03-10 14:54:33,596:binance_bank_deposit:INFO:Total after deposit for buyer 'ESPINOSA VILLAR FERNANDO' on account 1532335128: 16000.0
2024-03-10 14:54:33,596:binance_bank_deposit:INFO:The deposit does not exceed the buyer's monthly limit of 70000.00.
2024-03-10 14:54:33,606:binance_c2c:INFO:Message sent
2024-03-10 14:54:38,617:binance_c2c:INFO:Message sent
2024-03-10 14:54:43,614:binance_c2c:INFO:Message sent
2024-03-10 14:55:03,574:binance_c2c:INFO:Message sent
2024-03-10 14:55:08,582:binance_c2c:INFO:Message sent
2024-03-10 14:59:08,430:binance_c2c:INFO:Message sent
2024-03-10 14:59:13,440:binance_c2c:INFO:Message sent
2024-03-10 14:59:13,446:binance_c2c:INFO:Message sent
2024-03-10 15:02:22,656:common_utils:INFO:Updated server timestamp: 1710108143006
2024-03-10 15:04:45,220:binance_c2c:INFO:Message sent
2024-03-10 15:04:52,529:binance_orders:INFO:Missing balance for ETH: 0.23599733999999994
2024-03-10 15:04:53,109:binance_wallets:INFO:Order successfully placed: {'symbol': 'ETHUSDT', 'orderId': 16478586378, 'orderListId': -1, 'clientOrderId': 'A1hshW4EtJXV78zpQZ9ucT', 'transactTime': 1710108293455, 'price': '0.00000000', 'origQty': '0.23600000', 'executedQty': '0.23600000', 'cummulativeQuoteQty': '914.19556000', 'status': 'FILLED', 'timeInForce': 'GTC', 'type': 'MARKET', 'side': 'BUY', 'workingTime': 1710108293455, 'fills': [{'price': '3873.71000000', 'qty': '0.23600000', 'commission': '0.00023600', 'commissionAsset': 'ETH', 'tradeId': 1342906203}], 'selfTradePreventionMode': 'EXPIRE_MAKER'}
2024-03-10 15:07:35,121:binance_c2c:INFO:Message sent
2024-03-10 15:07:40,113:binance_c2c:INFO:Message sent
2024-03-10 15:13:15,088:binance_c2c:INFO:Message sent
2024-03-10 15:13:20,093:binance_c2c:INFO:Message sent
2024-03-10 15:13:20,093:binance_c2c:INFO:Message sent
2024-03-10 15:13:23,110:googleapiclient.discovery_cache:INFO:file_cache is only supported with oauth2client<4.0.0
2024-03-10 15:13:23,895:ip_info_io:INFO:Getting IP details for: 200.68.159.20
2024-03-10 15:13:24,192:verify_client_ip:INFO:IP from Country: MX
2024-03-10 15:21:53,606:binance_c2c:INFO:Message sent
2024-03-10 15:21:58,613:root:WARNING:Applied processor reduces input query to empty string, all comparisons will have score 0. [Query: '']
2024-03-10 15:21:58,616:binance_c2c:INFO:Message sent
2024-03-10 15:21:58,616:binance_c2c:INFO:Message sent
2024-03-10 15:22:02,089:ip_info_io:INFO:Getting IP details for: 189.139.217.239
2024-03-10 15:22:02,387:verify_client_ip:INFO:IP from Country: MX
2024-03-10 15:22:25,359:binance_c2c:INFO:Message sent
2024-03-10 15:22:35,616:binance_bank_deposit:INFO:Amount to deposit: 1700.0
2024-03-10 15:22:35,616:binance_bank_deposit:INFO:Buyer bank condition: AND LOWER(a.account_bank_name) = ?
2024-03-10 15:22:35,616:binance_bank_deposit:INFO:Found 1 suitable accounts for order 20600269113921720320
2024-03-10 15:22:35,616:binance_bank_deposit:INFO:Suitable accounts: [('1593999048', 'BBVA')]
2024-03-10 15:22:35,625:binance_bank_deposit:INFO:Total after deposit for buyer 'CARMONA HERNANDEZ ADILENE NIZAYETH' on account 1593999048: 1700.0
2024-03-10 15:22:35,625:binance_bank_deposit:INFO:The deposit does not exceed the buyer's monthly limit of 70000.00.
2024-03-10 15:22:35,632:binance_c2c:INFO:Message sent
2024-03-10 15:22:40,633:binance_c2c:INFO:Message sent
2024-03-10 15:22:45,655:binance_c2c:INFO:Message sent
2024-03-10 15:23:17,776:binance_c2c:INFO:Message sent
2024-03-10 15:23:22,774:binance_c2c:INFO:Message sent
2024-03-10 15:23:22,774:binance_c2c:INFO:Message sent
2024-03-10 15:23:26,208:ip_info_io:INFO:Getting IP details for: 189.225.171.206
2024-03-10 15:23:26,496:verify_client_ip:INFO:IP from Country: MX
2024-03-10 15:27:25,711:binance_c2c:INFO:Message sent
2024-03-10 15:27:30,716:binance_c2c:INFO:Message sent
2024-03-10 15:28:32,364:binance_c2c:INFO:Message sent
2024-03-10 15:28:37,380:binance_c2c:INFO:Message sent
2024-03-10 15:32:23,051:common_utils:INFO:Updated server timestamp: 1710109943406
2024-03-10 15:33:44,568:binance_c2c:INFO:Message sent
2024-03-10 15:38:17,278:binance_c2c:INFO:Message sent
2024-03-10 15:38:22,275:binance_c2c:INFO:Message sent
2024-03-10 15:40:15,002:binance_c2c:INFO:Message sent
2024-03-10 15:41:05,938:binance_c2c:INFO:Message sent
2024-03-10 15:41:10,952:binance_c2c:INFO:Message sent
2024-03-10 15:42:01,723:binance_api:ERROR:API call to 'post https://api.binance.com/sapi/v1/c2c/ads/update' with payload '{'advNo': '12593495469168508928', 'priceFloatingRa...' failed: Cannot connect to host api.binance.com:443 ssl:default [Connect call failed ('108.138.166.86', 443)]
2024-03-10 15:42:01,723:binance_api:WARNING:Retrying API call in 3 seconds (attempt 2/3)
2024-03-10 15:42:05,105:binance_api:ERROR:API call to 'post https://api.binance.com/sapi/v1/c2c/ads/update' with payload '{'advNo': '12593495469168508928', 'priceFloatingRa...' failed with status code 400: {"code":-1021,"msg":"Timestamp for this request is outside of the recvWindow."}
2024-03-10 15:42:46,080:binance_c2c:INFO:Message sent
2024-03-10 15:42:53,486:binance_orders:INFO:Missing balance for BTC: 0.0014237899999999803
2024-03-10 15:42:53,799:binance_wallets:INFO:Order successfully placed: {'symbol': 'BTCUSDT', 'orderId': 25517314598, 'orderListId': -1, 'clientOrderId': 'pwlWYo8aGwkDMxHLUgebu6', 'transactTime': 1710110574151, 'price': '0.00000000', 'origQty': '0.00140000', 'executedQty': '0.00140000', 'cummulativeQuoteQty': '96.04855400', 'status': 'FILLED', 'timeInForce': 'GTC', 'type': 'MARKET', 'side': 'BUY', 'workingTime': 1710110574151, 'fills': [{'price': '68606.11000000', 'qty': '0.00140000', 'commission': '0.00000140', 'commissionAsset': 'BTC', 'tradeId': 3472161554}], 'selfTradePreventionMode': 'EXPIRE_MAKER'}
2024-03-10 16:02:23,362:common_utils:INFO:Updated server timestamp: 1710111743719
2024-03-10 16:12:30,402:binance_c2c:INFO:Message sent
2024-03-10 16:12:35,397:binance_c2c:INFO:Message sent
2024-03-10 16:12:35,399:binance_c2c:INFO:Message sent
2024-03-10 16:12:39,107:fetch_outlook:WARNING:Token expires in: 2024-03-10 17:12:39.107072
2024-03-10 16:12:39,515:ip_info_io:INFO:Getting IP details for: 200.68.141.141
2024-03-10 16:12:39,861:verify_client_ip:INFO:IP from Country: MX
2024-03-10 16:16:02,572:binance_c2c:INFO:Message sent
2024-03-10 16:16:11,906:binance_c2c:INFO:Message sent
2024-03-10 16:16:26,737:binance_c2c:INFO:Message sent
2024-03-10 16:16:37,080:binance_c2c:INFO:Message sent
2024-03-10 16:16:42,316:binance_bank_deposit:INFO:Amount to deposit: 24000.0
2024-03-10 16:16:42,316:binance_bank_deposit:INFO:Buyer bank condition: AND LOWER(a.account_bank_name) = ?
2024-03-10 16:16:42,321:binance_bank_deposit:INFO:Found 1 suitable accounts for order 20600281850528874496
2024-03-10 16:16:42,321:binance_bank_deposit:INFO:Suitable accounts: [('1532335128', 'BBVA')]
2024-03-10 16:16:42,321:binance_bank_deposit:INFO:Total after deposit for buyer 'PIRELA GOMEZ JOSE DAVID' on account 1532335128: 24000.0
2024-03-10 16:16:42,321:binance_bank_deposit:INFO:The deposit does not exceed the buyer's monthly limit of 70000.00.
2024-03-10 16:16:42,335:binance_c2c:INFO:Message sent
2024-03-10 16:16:47,339:binance_c2c:INFO:Message sent
2024-03-10 16:16:52,355:binance_c2c:INFO:Message sent
2024-03-10 16:19:58,612:binance_c2c:INFO:Message sent
2024-03-10 16:20:03,625:binance_c2c:INFO:Message sent
2024-03-10 16:20:03,631:binance_c2c:INFO:Message sent
2024-03-10 16:26:48,449:binance_c2c:INFO:Message sent
2024-03-10 16:26:53,446:binance_c2c:INFO:Message sent
2024-03-10 16:26:53,446:binance_c2c:INFO:Message sent
2024-03-10 16:26:56,903:ip_info_io:INFO:Getting IP details for: 201.174.236.21
2024-03-10 16:26:57,269:verify_client_ip:INFO:IP from Country: MX
2024-03-10 16:27:59,996:binance_c2c:INFO:Message sent
2024-03-10 16:28:08,188:binance_c2c:INFO:Message sent
2024-03-10 16:28:23,453:binance_c2c:INFO:Message sent
2024-03-10 16:28:38,462:binance_c2c:INFO:Message sent
2024-03-10 16:28:55,918:binance_bank_deposit:INFO:Amount to deposit: 6000.0
2024-03-10 16:28:55,918:binance_bank_deposit:INFO:Buyer bank condition: AND LOWER(a.account_bank_name) = ?
2024-03-10 16:28:55,931:binance_bank_deposit:INFO:Found 1 suitable accounts for order 20600285449677987840
2024-03-10 16:28:55,931:binance_bank_deposit:INFO:Suitable accounts: [('1593999048', 'BBVA')]
2024-03-10 16:28:55,931:binance_bank_deposit:INFO:Total after deposit for buyer 'MALDONADO SANDOVAL GERMAN' on account 1593999048: 6000.0
2024-03-10 16:28:55,931:binance_bank_deposit:INFO:The deposit does not exceed the buyer's monthly limit of 70000.00.
2024-03-10 16:28:55,947:binance_c2c:INFO:Message sent
2024-03-10 16:29:00,957:binance_c2c:INFO:Message sent
2024-03-10 16:29:05,968:binance_c2c:INFO:Message sent
2024-03-10 16:29:10,976:binance_c2c:INFO:Message sent
2024-03-10 16:29:17,922:binance_orders:INFO:Missing balance for BTC: 0.020500459999999998
2024-03-10 16:29:18,222:binance_wallets:INFO:Order successfully placed: {'symbol': 'BTCUSDT', 'orderId': 25518802914, 'orderListId': -1, 'clientOrderId': 'ZTR1xh0Lv62qBPMY56tV2t', 'transactTime': 1710113358596, 'price': '0.00000000', 'origQty': '0.02050000', 'executedQty': '0.02050000', 'cummulativeQuoteQty': '1409.47258000', 'status': 'FILLED', 'timeInForce': 'GTC', 'type': 'MARKET', 'side': 'BUY', 'workingTime': 1710113358596, 'fills': [{'price': '68754.76000000', 'qty': '0.02050000', 'commission': '0.00002050', 'commissionAsset': 'BTC', 'tradeId': 3472275513}], 'selfTradePreventionMode': 'EXPIRE_MAKER'}
2024-03-10 16:32:23,895:common_utils:INFO:Updated server timestamp: 1710113544257
2024-03-10 16:37:47,037:binance_c2c:INFO:Message sent
2024-03-10 16:48:21,550:binance_c2c:INFO:Message sent
2024-03-10 16:48:26,563:binance_c2c:INFO:Message sent
2024-03-10 16:48:26,563:binance_c2c:INFO:Message sent
2024-03-10 16:48:29,985:ip_info_io:INFO:Getting IP details for: 189.203.252.229
2024-03-10 16:48:30,332:verify_client_ip:INFO:IP from Country: MX
2024-03-10 17:02:24,383:common_utils:INFO:Updated server timestamp: 1710115344757
2024-03-10 17:03:20,908:binance_c2c:INFO:Message sent
2024-03-10 17:03:25,910:binance_c2c:INFO:Message sent
2024-03-10 17:32:24,737:common_utils:INFO:Updated server timestamp: 1710117145109
2024-03-10 17:40:50,257:binance_c2c:INFO:Message sent
2024-03-10 17:40:55,256:binance_c2c:INFO:Message sent
2024-03-10 17:40:55,258:binance_c2c:INFO:Message sent
2024-03-10 17:40:59,019:fetch_outlook:WARNING:Token expires in: 2024-03-10 18:40:59.019052
2024-03-10 17:40:59,489:ip_info_io:INFO:Getting IP details for: 200.68.166.24
2024-03-10 17:40:59,794:verify_client_ip:INFO:IP from Country: MX
2024-03-10 17:41:23,596:binance_c2c:INFO:Message sent
2024-03-10 17:41:39,480:binance_c2c:INFO:Message sent
2024-03-10 17:41:46,241:binance_c2c:INFO:Message sent
2024-03-10 17:41:54,027:binance_c2c:INFO:Message sent
2024-03-10 17:42:00,794:binance_bank_deposit:INFO:Amount to deposit: 1700.0
2024-03-10 17:42:00,794:binance_bank_deposit:INFO:Buyer bank condition: AND LOWER(a.account_bank_name) = ?
2024-03-10 17:42:00,810:binance_bank_deposit:INFO:Found 1 suitable accounts for order 20600304079379578880
2024-03-10 17:42:00,810:binance_bank_deposit:INFO:Suitable accounts: [('1532335128', 'BBVA')]
2024-03-10 17:42:00,810:binance_bank_deposit:INFO:Total after deposit for buyer 'TOSCANO GUEVARA SOFIA' on account 1532335128: 1700.0
2024-03-10 17:42:00,810:binance_bank_deposit:INFO:The deposit does not exceed the buyer's monthly limit of 70000.00.
2024-03-10 17:42:00,822:binance_c2c:INFO:Message sent
2024-03-10 17:42:05,840:binance_c2c:INFO:Message sent
2024-03-10 17:42:10,840:binance_c2c:INFO:Message sent
2024-03-10 17:45:19,371:binance_c2c:INFO:Message sent
2024-03-10 17:45:24,379:binance_c2c:INFO:Message sent
2024-03-10 17:45:24,383:binance_c2c:INFO:Message sent
2024-03-10 17:48:50,597:binance_c2c:INFO:Message sent
2024-03-10 18:02:25,215:common_utils:INFO:Updated server timestamp: 1710118945592
2024-03-10 18:21:49,948:binance_c2c:INFO:Message sent
2024-03-10 18:21:54,953:binance_c2c:INFO:Message sent
2024-03-10 18:21:54,953:binance_c2c:INFO:Message sent
2024-03-10 18:21:58,526:ip_info_io:INFO:Getting IP details for: 187.187.224.47
2024-03-10 18:21:58,839:verify_client_ip:INFO:IP from Country: MX
2024-03-10 18:24:43,068:binance_c2c:INFO:Message sent
2024-03-10 18:24:53,597:binance_c2c:INFO:Message sent
2024-03-10 18:25:06,410:binance_c2c:INFO:Message sent
2024-03-10 18:25:20,020:binance_c2c:INFO:Message sent
2024-03-10 18:25:34,985:binance_c2c:INFO:Message sent
2024-03-10 18:32:25,684:common_utils:INFO:Updated server timestamp: 1710120746069
2024-03-10 18:36:49,447:binance_c2c:INFO:Message sent
2024-03-10 18:41:08,250:binance_c2c:INFO:Message sent
2024-03-10 18:41:13,271:binance_c2c:INFO:Message sent
2024-03-10 18:41:13,271:binance_c2c:INFO:Message sent
2024-03-10 18:41:16,787:fetch_outlook:WARNING:Token expires in: 2024-03-10 19:41:16.787629
2024-03-10 18:41:17,194:ip_info_io:INFO:Getting IP details for: 201.137.165.120
2024-03-10 18:41:17,541:verify_client_ip:INFO:IP from Country: MX
2024-03-10 18:42:47,834:binance_c2c:INFO:Message sent
2024-03-10 18:42:52,850:binance_c2c:INFO:Message sent
2024-03-10 18:42:59,246:binance_c2c:INFO:Message sent
2024-03-10 18:43:04,262:binance_c2c:INFO:Message sent
2024-03-10 18:43:04,262:binance_c2c:INFO:Message sent
2024-03-10 18:43:07,701:ip_info_io:INFO:Getting IP details for: 201.137.165.120
2024-03-10 18:43:07,985:verify_client_ip:INFO:IP from Country: MX
2024-03-10 18:43:34,456:binance_c2c:INFO:Message sent
2024-03-10 18:43:39,462:binance_c2c:INFO:Message sent
2024-03-10 18:45:28,772:binance_c2c:INFO:Message sent
2024-03-10 18:45:33,783:binance_c2c:INFO:Message sent
2024-03-10 18:45:33,783:binance_c2c:INFO:Message sent
2024-03-10 18:45:37,220:ip_info_io:INFO:Getting IP details for: 201.137.165.120
2024-03-10 18:45:37,511:verify_client_ip:INFO:IP from Country: MX
2024-03-10 18:45:43,710:binance_c2c:INFO:Message sent
2024-03-10 18:45:48,711:binance_c2c:INFO:Message sent
2024-03-10 18:58:15,669:binance_c2c:INFO:Message sent
2024-03-10 18:58:20,685:binance_c2c:INFO:Message sent
2024-03-10 18:58:20,685:binance_c2c:INFO:Message sent
2024-03-10 18:58:24,118:ip_info_io:INFO:Getting IP details for: 201.173.64.28
2024-03-10 18:58:24,550:verify_client_ip:INFO:IP from Country: MX
2024-03-10 19:02:26,094:common_utils:INFO:Updated server timestamp: 1710122546488
2024-03-10 19:13:15,193:binance_c2c:INFO:Message sent
2024-03-10 19:13:20,210:binance_c2c:INFO:Message sent
2024-03-10 19:19:14,413:verify_client_ip:WARNING:Attempt 1: Could not fetch the IP. Retrying...
2024-03-10 19:19:17,785:verify_client_ip:WARNING:Attempt 2: Could not fetch the IP. Retrying...
2024-03-10 19:19:21,154:ip_info_io:INFO:Getting IP details for: 201.138.208.238
2024-03-10 19:19:21,468:verify_client_ip:INFO:IP from Country: MX
2024-03-10 19:19:21,468:binance_bank_deposit:INFO:Amount to deposit: 8000.0
2024-03-10 19:19:21,468:binance_bank_deposit:INFO:Buyer bank condition: AND LOWER(a.account_bank_name) NOT LIKE '%bbva%'
2024-03-10 19:19:21,468:binance_bank_deposit:INFO:Found 7 suitable accounts for order 20600328829106671616
2024-03-10 19:19:21,468:binance_bank_deposit:INFO:Suitable accounts: [('710969000016348705', 'Nvio'), ('710969000007300927', 'Nvio'), ('058597000056476091', 'Banregio'), ('646180204200033494', 'STP'), ('646180146006124571', 'STP'), ('710969000015306104', 'Nvio'), ('014761655091416464', 'Santander')]
2024-03-10 19:19:21,483:binance_bank_deposit:INFO:Total after deposit for buyer 'CARMONA VARGAS JAIME' on account 710969000016348705: 13820.0
2024-03-10 19:19:21,483:binance_bank_deposit:INFO:The deposit does not exceed the buyer's monthly limit of 70000.00.
2024-03-10 19:19:21,500:binance_c2c:INFO:Message sent
2024-03-10 19:19:26,514:binance_c2c:INFO:Message sent
2024-03-10 19:19:31,516:binance_c2c:INFO:Message sent
2024-03-10 19:22:25,729:binance_c2c:INFO:Message sent
2024-03-10 19:22:30,736:binance_c2c:INFO:Message sent
2024-03-10 19:24:08,189:binance_c2c:INFO:Message sent
2024-03-10 19:30:13,167:binance_c2c:INFO:Message sent
2024-03-10 19:32:26,542:common_utils:INFO:Updated server timestamp: 1710124346935
2024-03-10 19:40:08,389:binance_c2c:INFO:Message sent
2024-03-10 19:42:59,404:binance_c2c:INFO:Message sent
2024-03-10 19:43:04,403:binance_c2c:INFO:Message sent
2024-03-10 19:43:04,403:binance_c2c:INFO:Message sent
2024-03-10 19:43:08,023:fetch_outlook:WARNING:Token expires in: 2024-03-10 20:43:08.023914
2024-03-10 19:43:08,437:ip_info_io:INFO:Getting IP details for: 187.190.31.185
2024-03-10 19:43:08,734:verify_client_ip:INFO:IP from Country: MX
2024-03-10 19:43:56,163:binance_c2c:INFO:Message sent
2024-03-10 19:44:02,628:binance_c2c:INFO:Message sent
2024-03-10 19:44:10,392:binance_c2c:INFO:Message sent
2024-03-10 19:44:18,071:binance_c2c:INFO:Message sent
2024-03-10 19:44:25,769:binance_bank_deposit:INFO:Amount to deposit: 1500.0
2024-03-10 19:44:25,769:binance_bank_deposit:INFO:Buyer bank condition: AND LOWER(a.account_bank_name) = ?
2024-03-10 19:44:25,779:binance_bank_deposit:INFO:Found 0 suitable accounts for order 20600334820784173056
2024-03-10 19:44:25,779:binance_bank_deposit:INFO:Suitable accounts: []
2024-03-10 19:44:25,779:binance_bank_deposit:INFO:Amount to deposit: 1500.0
2024-03-10 19:44:25,779:binance_bank_deposit:INFO:Buyer bank condition: AND LOWER(a.account_bank_name) NOT LIKE '%bbva%'
2024-03-10 19:44:25,779:binance_bank_deposit:INFO:Found 7 suitable accounts for order 20600334820784173056
2024-03-10 19:44:25,779:binance_bank_deposit:INFO:Suitable accounts: [('710969000007300927', 'Nvio'), ('058597000054265356', 'Banregio'), ('058597000056476091', 'Banregio'), ('646180204200033494', 'STP'), ('646180146006124571', 'STP'), ('710969000015306104', 'Nvio'), ('014761655091416464', 'Santander')]
2024-03-10 19:44:25,779:binance_bank_deposit:INFO:Total after deposit for buyer 'VASQUEZ LARA MIGUEL ANGEL' on account 710969000007300927: 1500.0
2024-03-10 19:44:25,779:binance_bank_deposit:INFO:The deposit does not exceed the buyer's monthly limit of 70000.00.
2024-03-10 19:44:25,795:binance_c2c:INFO:Message sent
2024-03-10 19:44:30,792:binance_c2c:INFO:Message sent
2024-03-10 19:44:35,784:binance_c2c:INFO:Message sent
2024-03-10 19:47:01,727:binance_c2c:INFO:Message sent
2024-03-10 19:47:06,728:binance_c2c:INFO:Message sent
2024-03-10 19:47:17,485:binance_c2c:INFO:Message sent
2024-03-10 19:47:22,494:binance_c2c:INFO:Message sent
2024-03-10 19:49:43,916:common_utils:INFO:Updated server timestamp: 1710125384317
2024-03-10 19:49:44,229:common_utils:INFO:Updated server timestamp: 1710125384627
2024-03-10 19:50:54,904:binance_c2c:INFO:Message sent
2024-03-10 19:51:02,009:binance_orders:INFO:Missing balance for BTC: 0.010466060000000027
2024-03-10 19:51:02,322:binance_wallets:INFO:Order successfully placed: {'symbol': 'BTCUSDT', 'orderId': 25524016059, 'orderListId': -1, 'clientOrderId': 'aG67NgVRTGH3PWDjMHCRQh', 'transactTime': 1710125462716, 'price': '0.00000000', 'origQty': '0.01050000', 'executedQty': '0.01050000', 'cummulativeQuoteQty': '718.57117500', 'status': 'FILLED', 'timeInForce': 'GTC', 'type': 'MARKET', 'side': 'BUY', 'workingTime': 1710125462716, 'fills': [{'price': '68435.35000000', 'qty': '0.00433000', 'commission': '0.00000433', 'commissionAsset': 'BTC', 'tradeId': 3472664159}, {'price': '68435.35000000', 'qty': '0.00617000', 'commission': '0.00000617', 'commissionAsset': 'BTC', 'tradeId': 3472664160}], 'selfTradePreventionMode': 'EXPIRE_MAKER'}
2024-03-10 19:59:34,816:binance_c2c:INFO:Message sent
2024-03-10 20:14:34,214:binance_c2c:INFO:Message sent
2024-03-10 20:19:44,734:common_utils:INFO:Updated server timestamp: 1710127185129
2024-03-10 20:49:45,201:common_utils:INFO:Updated server timestamp: 1710128985598
2024-03-10 21:19:45,705:common_utils:INFO:Updated server timestamp: 1710130786109
2024-03-10 21:20:01,257:binance_c2c:INFO:Message sent
2024-03-10 21:20:06,279:binance_c2c:INFO:Message sent
2024-03-10 21:20:06,280:binance_c2c:INFO:Message sent
2024-03-10 21:20:09,658:googleapiclient.discovery_cache:INFO:file_cache is only supported with oauth2client<4.0.0
2024-03-10 21:20:10,596:ip_info_io:INFO:Getting IP details for: 189.131.38.21
2024-03-10 21:20:10,910:verify_client_ip:INFO:IP from Country: MX
2024-03-10 21:24:11,842:binance_c2c:INFO:Message sent
2024-03-10 21:24:22,016:binance_c2c:INFO:Message sent
2024-03-10 21:24:31,484:binance_c2c:INFO:Message sent
2024-03-10 21:24:40,736:binance_c2c:INFO:Message sent
2024-03-10 21:24:49,604:binance_bank_deposit:INFO:Amount to deposit: 1700.0
2024-03-10 21:24:49,604:binance_bank_deposit:INFO:Buyer bank condition: AND LOWER(a.account_bank_name) = ?
2024-03-10 21:24:49,604:binance_bank_deposit:INFO:Found 2 suitable accounts for order 20600359239580237824
2024-03-10 21:24:49,604:binance_bank_deposit:INFO:Suitable accounts: [('1593999048', 'BBVA'), ('1532335128', 'BBVA')]
2024-03-10 21:24:49,604:binance_bank_deposit:INFO:Total after deposit for buyer 'CASTRO CORTES RICARDO' on account 1593999048: 1700.0
2024-03-10 21:24:49,604:binance_bank_deposit:INFO:The deposit does not exceed the buyer's monthly limit of 70000.00.
2024-03-10 21:24:49,622:binance_c2c:INFO:Message sent
2024-03-10 21:24:54,620:binance_c2c:INFO:Message sent
2024-03-10 21:24:59,624:binance_c2c:INFO:Message sent
2024-03-10 21:28:23,808:binance_c2c:INFO:Message sent
2024-03-10 21:28:28,805:binance_c2c:INFO:Message sent
2024-03-10 21:28:28,805:binance_c2c:INFO:Message sent
2024-03-10 21:28:49,349:binance_c2c:INFO:Message sent
2024-03-10 21:28:54,361:binance_c2c:INFO:Message sent
2024-03-10 21:28:54,361:binance_c2c:INFO:Message sent
2024-03-10 21:28:57,958:fetch_outlook:WARNING:Token expires in: 2024-03-10 22:28:56.958467
2024-03-10 21:28:58,492:ip_info_io:INFO:Getting IP details for: 177.228.185.148
2024-03-10 21:28:58,973:verify_client_ip:INFO:IP from Country: MX
2024-03-10 21:29:00,076:binance_c2c:INFO:Message sent
2024-03-10 21:29:07,152:binance_orders:INFO:Missing balance for ETH: 0.025465249999999884
2024-03-10 21:29:07,471:binance_wallets:INFO:Order successfully placed: {'symbol': 'ETHUSDT', 'orderId': 16487002390, 'orderListId': -1, 'clientOrderId': 'PDXAhIMYtGQhQPe7GvFkEl', 'transactTime': 1710131347877, 'price': '0.00000000', 'origQty': '0.02550000', 'executedQty': '0.02550000', 'cummulativeQuoteQty': '98.46595500', 'status': 'FILLED', 'timeInForce': 'GTC', 'type': 'MARKET', 'side': 'BUY', 'workingTime': 1710131347877, 'fills': [{'price': '3861.41000000', 'qty': '0.02550000', 'commission': '0.00002550', 'commissionAsset': 'ETH', 'tradeId': 1343437391}], 'selfTradePreventionMode': 'EXPIRE_MAKER'}
2024-03-10 21:35:18,557:binance_c2c:INFO:Message sent
2024-03-10 21:35:23,568:binance_c2c:INFO:Message sent
2024-03-10 21:49:46,191:common_utils:INFO:Updated server timestamp: 1710132586605
2024-03-10 22:09:52,356:binance_c2c:INFO:Message sent
2024-03-10 22:09:57,361:binance_c2c:INFO:Message sent
2024-03-10 22:09:57,361:binance_c2c:INFO:Message sent
2024-03-10 22:10:00,806:ip_info_io:INFO:Getting IP details for: 187.189.146.13
2024-03-10 22:10:01,100:verify_client_ip:INFO:IP from Country: MX
2024-03-10 22:11:26,826:binance_c2c:INFO:Message sent
2024-03-10 22:11:36,827:binance_c2c:INFO:Message sent
2024-03-10 22:11:56,808:binance_c2c:INFO:Message sent
2024-03-10 22:12:16,374:binance_c2c:INFO:Message sent
2024-03-10 22:12:29,461:binance_bank_deposit:INFO:Amount to deposit: 29800.0
2024-03-10 22:12:29,461:binance_bank_deposit:INFO:Buyer bank condition: AND LOWER(a.account_bank_name) = ?
2024-03-10 22:12:29,472:binance_bank_deposit:INFO:Found 1 suitable accounts for order 20600371785899814912
2024-03-10 22:12:29,472:binance_bank_deposit:INFO:Suitable accounts: [('1532335128', 'BBVA')]
2024-03-10 22:12:29,472:binance_bank_deposit:INFO:Total after deposit for buyer 'GARZA DE LA PAZ JOSE LUIS' on account 1532335128: 29800.0
2024-03-10 22:12:29,472:binance_bank_deposit:INFO:The deposit does not exceed the buyer's monthly limit of 70000.00.
2024-03-10 22:12:29,488:binance_c2c:INFO:Message sent
2024-03-10 22:12:34,510:binance_c2c:INFO:Message sent
2024-03-10 22:12:39,517:binance_c2c:INFO:Message sent
2024-03-10 22:19:46,486:common_utils:INFO:Updated server timestamp: 1710134386911
2024-03-10 22:23:29,360:binance_c2c:INFO:Message sent
2024-03-10 22:23:34,367:binance_c2c:INFO:Message sent
2024-03-10 22:23:34,367:binance_c2c:INFO:Message sent
2024-03-10 22:36:47,675:binance_c2c:INFO:Message sent
2024-03-10 22:36:54,913:binance_orders:INFO:Missing balance for BTC: 0.025360190000000005
2024-03-10 22:36:55,224:binance_wallets:INFO:Order successfully placed: {'symbol': 'BTCUSDT', 'orderId': 25526123939, 'orderListId': -1, 'clientOrderId': 'itqrxywTcR2YaMrSUgkpi0', 'transactTime': 1710135415643, 'price': '0.00000000', 'origQty': '0.02540000', 'executedQty': '0.02540000', 'cummulativeQuoteQty': '1741.98915000', 'status': 'FILLED', 'timeInForce': 'GTC', 'type': 'MARKET', 'side': 'BUY', 'workingTime': 1710135415643, 'fills': [{'price': '68582.25000000', 'qty': '0.02540000', 'commission': '0.00002540', 'commissionAsset': 'BTC', 'tradeId': 3472814984}], 'selfTradePreventionMode': 'EXPIRE_MAKER'}
2024-03-10 22:38:30,447:binance_c2c:INFO:Message sent
2024-03-10 22:38:35,446:binance_c2c:INFO:Message sent
2024-03-10 22:38:35,446:binance_c2c:INFO:Message sent
2024-03-10 22:38:39,210:fetch_outlook:WARNING:Token expires in: 2024-03-10 23:38:39.210392
2024-03-10 22:38:39,616:ip_info_io:INFO:Getting IP details for: 189.203.29.135
2024-03-10 22:38:39,913:verify_client_ip:INFO:IP from Country: MX
2024-03-10 22:39:05,480:binance_c2c:INFO:Message sent
2024-03-10 22:39:14,461:binance_c2c:INFO:Message sent
2024-03-10 22:39:24,027:binance_c2c:INFO:Message sent
2024-03-10 22:39:35,916:binance_c2c:INFO:Message sent
2024-03-10 22:39:44,925:binance_bank_deposit:INFO:Amount to deposit: 10000.0
2024-03-10 22:39:44,925:binance_bank_deposit:INFO:Buyer bank condition: AND LOWER(a.account_bank_name) = ?
2024-03-10 22:39:44,936:binance_bank_deposit:INFO:Found 1 suitable accounts for order 20600378991019974656
2024-03-10 22:39:44,936:binance_bank_deposit:INFO:Suitable accounts: [('014761655091416464', 'Santander')]
2024-03-10 22:39:44,936:binance_bank_deposit:INFO:Total after deposit for buyer 'SANCHEZ BAUTISTA ITZEL' on account 014761655091416464: 10000.0
2024-03-10 22:39:44,936:binance_bank_deposit:INFO:The deposit does not exceed the buyer's monthly limit of 70000.00.
2024-03-10 22:39:44,951:binance_c2c:INFO:Message sent
2024-03-10 22:39:49,947:binance_c2c:INFO:Message sent
2024-03-10 22:39:54,958:binance_c2c:INFO:Message sent
2024-03-10 22:42:10,895:binance_c2c:INFO:Message sent
2024-03-10 22:43:01,874:binance_c2c:INFO:Message sent
2024-03-10 22:43:06,881:binance_c2c:INFO:Message sent
2024-03-10 22:49:46,839:common_utils:INFO:Updated server timestamp: 1710136187257
2024-03-10 23:19:47,194:common_utils:INFO:Updated server timestamp: 1710137987618
2024-03-10 23:26:11,501:binance_c2c:INFO:Message sent
2024-03-10 23:26:16,510:binance_c2c:INFO:Message sent
2024-03-10 23:26:16,510:binance_c2c:INFO:Message sent
2024-03-10 23:26:19,933:verify_client_ip:WARNING:Attempt 1: Could not fetch the IP. Retrying...
2024-03-10 23:26:23,297:ip_info_io:INFO:Getting IP details for: 187.190.90.107
2024-03-10 23:26:23,596:verify_client_ip:INFO:IP from Country: MX
2024-03-10 23:27:13,104:binance_c2c:INFO:Message sent
2024-03-10 23:27:19,390:binance_c2c:INFO:Message sent
2024-03-10 23:27:27,858:binance_c2c:INFO:Message sent
2024-03-10 23:27:48,519:binance_c2c:INFO:Message sent
2024-03-10 23:27:57,065:binance_bank_deposit:INFO:Amount to deposit: 3000.0
2024-03-10 23:27:57,065:binance_bank_deposit:INFO:Buyer bank condition: AND LOWER(a.account_bank_name) = ?
2024-03-10 23:27:57,081:binance_bank_deposit:INFO:Found 2 suitable accounts for order 20600390991935508480
2024-03-10 23:27:57,081:binance_bank_deposit:INFO:Suitable accounts: [('1593999048', 'BBVA'), ('1532335128', 'BBVA')]
2024-03-10 23:27:57,081:binance_bank_deposit:INFO:Total after deposit for buyer 'NUEZ AGUILAR ERIK GABRIEL' on account 1593999048: 3000.0
2024-03-10 23:27:57,081:binance_bank_deposit:INFO:The deposit does not exceed the buyer's monthly limit of 70000.00.
2024-03-10 23:27:57,081:binance_c2c:INFO:Message sent
2024-03-10 23:28:02,084:binance_c2c:INFO:Message sent
2024-03-10 23:28:07,085:binance_c2c:INFO:Message sent
2024-03-10 23:30:25,506:binance_c2c:INFO:Message sent
2024-03-10 23:30:33,579:binance_c2c:INFO:Message sent
2024-03-10 23:41:11,102:binance_c2c:INFO:Message sent
2024-03-10 23:41:16,097:binance_c2c:INFO:Message sent
2024-03-10 23:49:47,453:common_utils:INFO:Updated server timestamp: 1710139787881
2024-03-11 00:19:47,703:common_utils:INFO:Updated server timestamp: 1710141588149
2024-03-11 00:22:05,313:binance_c2c:INFO:Message sent
2024-03-11 00:22:10,313:binance_c2c:INFO:Message sent
2024-03-11 00:22:10,313:binance_c2c:INFO:Message sent
2024-03-11 00:22:13,844:fetch_outlook:WARNING:Token expires in: 2024-03-11 01:22:13.844468
2024-03-11 00:22:14,281:ip_info_io:INFO:Getting IP details for: 189.202.86.142
2024-03-11 00:22:14,740:verify_client_ip:INFO:IP from Country: MX
2024-03-11 00:23:12,159:binance_c2c:INFO:Message sent
2024-03-11 00:23:18,872:binance_c2c:INFO:Message sent
2024-03-11 00:23:26,070:binance_c2c:INFO:Message sent
2024-03-11 00:23:33,874:binance_c2c:INFO:Message sent
2024-03-11 00:23:40,687:binance_bank_deposit:INFO:Amount to deposit: 3570.0
2024-03-11 00:23:40,687:binance_bank_deposit:INFO:Buyer bank condition: AND LOWER(a.account_bank_name) = ?
2024-03-11 00:23:40,687:binance_bank_deposit:INFO:Found 1 suitable accounts for order 20600405058569003008
2024-03-11 00:23:40,687:binance_bank_deposit:INFO:Suitable accounts: [('014761655091416464', 'Santander')]
2024-03-11 00:23:40,702:binance_bank_deposit:INFO:Total after deposit for buyer 'DZUL KEEBZ AMILCAR JAHIR' on account 014761655091416464: 3570.0
2024-03-11 00:23:40,702:binance_bank_deposit:INFO:The deposit does not exceed the buyer's monthly limit of 70000.00.
2024-03-11 00:23:40,702:binance_c2c:INFO:Message sent
2024-03-11 00:23:45,713:binance_c2c:INFO:Message sent
2024-03-11 00:23:50,708:binance_c2c:INFO:Message sent
2024-03-11 00:28:59,557:binance_c2c:INFO:Message sent
2024-03-11 00:29:04,565:binance_c2c:INFO:Message sent
2024-03-11 00:29:36,738:binance_c2c:INFO:Message sent
2024-03-11 00:49:22,652:binance_c2c:INFO:Message sent
2024-03-11 00:49:27,665:binance_c2c:INFO:Message sent
2024-03-11 00:49:27,665:binance_c2c:INFO:Message sent
2024-03-11 00:49:31,121:ip_info_io:INFO:Getting IP details for: 102.89.33.242
2024-03-11 00:49:31,435:verify_client_ip:INFO:IP from Country: NG
2024-03-11 00:49:31,435:binance_c2c:INFO:Message sent
2024-03-11 00:49:47,974:common_utils:INFO:Updated server timestamp: 1710143388411
2024-03-11 00:55:01,470:binance_c2c:INFO:Message sent
2024-03-11 00:55:06,473:binance_c2c:INFO:Message sent
2024-03-11 00:55:06,473:binance_c2c:INFO:Message sent
2024-03-11 00:55:09,890:verify_client_ip:WARNING:Attempt 1: Could not fetch the IP. Retrying...
2024-03-11 00:55:13,265:ip_info_io:INFO:Getting IP details for: 189.216.19.10
2024-03-11 00:55:13,603:verify_client_ip:INFO:IP from Country: MX
2024-03-11 01:04:22,160:binance_c2c:INFO:Message sent
2024-03-11 01:19:48,362:common_utils:INFO:Updated server timestamp: 1710145188804
2024-03-11 01:26:02,092:binance_c2c:INFO:Message sent
2024-03-11 01:26:07,102:binance_c2c:INFO:Message sent
2024-03-11 01:26:07,102:binance_c2c:INFO:Message sent
2024-03-11 01:26:10,672:fetch_outlook:WARNING:Token expires in: 2024-03-11 02:26:10.672249
2024-03-11 01:26:11,134:ip_info_io:INFO:Getting IP details for: 201.162.217.242
2024-03-11 01:26:11,432:verify_client_ip:INFO:IP from Country: MX
2024-03-11 01:26:48,488:binance_c2c:INFO:Message sent
2024-03-11 01:41:01,651:binance_c2c:INFO:Message sent
2024-03-11 01:41:06,653:binance_c2c:INFO:Message sent
2024-03-11 01:49:48,755:common_utils:INFO:Updated server timestamp: 1710146989201
2024-03-11 01:55:01,110:binance_c2c:INFO:Message sent
2024-03-11 01:55:06,130:binance_c2c:INFO:Message sent
2024-03-11 02:19:49,266:common_utils:INFO:Updated server timestamp: 1710148789716
2024-03-11 02:49:49,726:common_utils:INFO:Updated server timestamp: 1710150590185
2024-03-11 03:19:50,169:common_utils:INFO:Updated server timestamp: 1710152390629
2024-03-11 03:49:50,581:common_utils:INFO:Updated server timestamp: 1710154191046
2024-03-11 04:00:45,965:binance_c2c:INFO:WebSocket connection closed gracefully.
2024-03-11 04:19:50,975:common_utils:INFO:Updated server timestamp: 1710155991452
2024-03-11 04:49:51,305:common_utils:INFO:Updated server timestamp: 1710157791781
2024-03-11 05:03:32,039:binance_c2c:INFO:WebSocket connection closed gracefully.
2024-03-11 05:19:51,668:common_utils:INFO:Updated server timestamp: 1710159592156
2024-03-11 05:49:52,069:common_utils:INFO:Updated server timestamp: 1710161392561
2024-03-11 06:19:52,483:common_utils:INFO:Updated server timestamp: 1710163192975
2024-03-11 06:49:53,013:common_utils:INFO:Updated server timestamp: 1710164993443
2024-03-11 07:19:53,386:common_utils:INFO:Updated server timestamp: 1710166793881
2024-03-11 07:49:14,262:binance_c2c:INFO:WebSocket connection closed gracefully.
2024-03-11 07:49:53,796:common_utils:INFO:Updated server timestamp: 1710168594291
2024-03-11 08:19:54,230:common_utils:INFO:Updated server timestamp: 1710170394728
2024-03-11 08:49:54,713:common_utils:INFO:Updated server timestamp: 1710172195215
2024-03-11 08:56:12,188:binance_c2c:INFO:Message sent
2024-03-11 09:19:55,282:common_utils:INFO:Updated server timestamp: 1710173995786
2024-03-11 09:49:55,617:common_utils:INFO:Updated server timestamp: 1710175796126
2024-03-11 10:12:26,924:binance_c2c:INFO:Message sent
2024-03-11 10:12:31,945:binance_c2c:INFO:Message sent
2024-03-11 10:12:31,945:binance_c2c:INFO:Message sent
2024-03-11 10:12:35,531:fetch_outlook:WARNING:Token expires in: 2024-03-11 11:12:35.531130
2024-03-11 10:12:36,369:ip_info_io:INFO:Getting IP details for: 189.191.207.200
2024-03-11 10:12:36,677:verify_client_ip:INFO:IP from Country: MX
2024-03-11 10:12:55,772:binance_c2c:INFO:Message sent
2024-03-11 10:13:00,768:binance_c2c:INFO:Message sent
2024-03-11 10:13:00,768:binance_c2c:INFO:Message sent
2024-03-11 10:13:04,122:googleapiclient.discovery_cache:INFO:file_cache is only supported with oauth2client<4.0.0
2024-03-11 10:13:04,953:ip_info_io:INFO:Getting IP details for: 189.191.207.200
2024-03-11 10:13:05,250:verify_client_ip:INFO:IP from Country: MX
2024-03-11 10:13:42,803:binance_c2c:INFO:Message sent
2024-03-11 10:13:48,538:binance_c2c:INFO:Message sent
2024-03-11 10:13:55,287:binance_c2c:INFO:Message sent
2024-03-11 10:14:04,121:binance_c2c:INFO:Message sent
2024-03-11 10:14:04,121:binance_c2c:INFO:Message sent
2024-03-11 10:14:23,850:binance_c2c:INFO:Message sent
2024-03-11 10:14:23,850:binance_c2c:INFO:Message sent
2024-03-11 10:17:23,739:binance_c2c:INFO:Message sent
2024-03-11 10:17:23,739:binance_c2c:INFO:Message sent
2024-03-11 10:19:55,941:common_utils:INFO:Updated server timestamp: 1710177596464
2024-03-11 10:22:02,235:binance_c2c:INFO:Message sent
2024-03-11 10:22:07,262:binance_c2c:INFO:Message sent
2024-03-11 10:22:07,262:binance_c2c:INFO:Message sent
2024-03-11 10:22:10,686:ip_info_io:INFO:Getting IP details for: 187.209.178.138
2024-03-11 10:22:10,971:verify_client_ip:INFO:IP from Country: MX
2024-03-11 10:24:11,999:binance_c2c:INFO:Message sent
2024-03-11 10:24:16,985:binance_c2c:INFO:Message sent
2024-03-11 10:27:26,592:binance_c2c:INFO:Message sent
2024-03-11 10:27:31,596:binance_c2c:INFO:Message sent
2024-03-11 10:33:58,877:binance_c2c:INFO:Message sent
2024-03-11 10:34:03,887:binance_c2c:INFO:Message sent
2024-03-11 10:49:56,248:common_utils:INFO:Updated server timestamp: 1710179396771
2024-03-11 10:55:00,672:binance_c2c:INFO:Message sent
2024-03-11 10:55:05,685:binance_c2c:INFO:Message sent
2024-03-11 10:55:05,685:binance_c2c:INFO:Message sent
2024-03-11 10:55:09,194:verify_client_ip:WARNING:Attempt 1: Could not fetch the IP. Retrying...
2024-03-11 10:55:12,573:ip_info_io:INFO:Getting IP details for: 187.191.36.83
2024-03-11 10:55:12,876:verify_client_ip:INFO:IP from Country: MX
2024-03-11 10:55:13,354:binance_c2c:INFO:Message sent
2024-03-11 10:55:18,364:binance_c2c:INFO:Message sent
2024-03-11 10:55:18,364:binance_c2c:INFO:Message sent
2024-03-11 10:55:21,752:ip_info_io:INFO:Getting IP details for: 102.90.66.26
2024-03-11 10:55:22,066:verify_client_ip:INFO:IP from Country: NG
2024-03-11 10:55:22,066:binance_c2c:INFO:Message sent
2024-03-11 10:55:54,588:binance_c2c:INFO:Message sent
2024-03-11 10:55:59,588:binance_c2c:INFO:Message sent
2024-03-11 10:55:59,588:binance_c2c:INFO:Message sent
2024-03-11 10:56:02,997:verify_client_ip:WARNING:Attempt 1: Could not fetch the IP. Retrying...
2024-03-11 10:56:06,432:ip_info_io:INFO:Getting IP details for: 200.68.166.47
2024-03-11 10:56:06,713:verify_client_ip:INFO:IP from Country: MX
2024-03-11 10:56:08,372:binance_c2c:INFO:Message sent
2024-03-11 10:56:13,385:binance_c2c:INFO:Message sent
2024-03-11 11:00:45,255:binance_c2c:INFO:Message sent
2024-03-11 11:00:50,265:binance_c2c:INFO:Message sent
2024-03-11 11:01:49,575:binance_c2c:INFO:Message sent
2024-03-11 11:01:54,567:binance_c2c:INFO:Message sent
2024-03-11 11:01:54,567:binance_c2c:INFO:Message sent
2024-03-11 11:01:58,067:ip_info_io:INFO:Getting IP details for: 187.191.36.83
2024-03-11 11:01:58,366:verify_client_ip:INFO:IP from Country: MX
2024-03-11 11:10:05,819:binance_c2c:INFO:Message sent
2024-03-11 11:16:49,152:binance_c2c:INFO:Message sent
2024-03-11 11:16:54,156:binance_c2c:INFO:Message sent
2024-03-11 11:19:56,678:common_utils:INFO:Updated server timestamp: 1710181197199
2024-03-11 11:43:41,442:binance_c2c:INFO:Message sent
2024-03-11 11:43:46,444:binance_c2c:INFO:Message sent
2024-03-11 11:43:46,444:binance_c2c:INFO:Message sent
2024-03-11 11:43:50,084:fetch_outlook:WARNING:Token expires in: 2024-03-11 12:43:50.084232
2024-03-11 11:43:50,497:ip_info_io:INFO:Getting IP details for: 200.68.128.168
2024-03-11 11:43:50,800:verify_client_ip:INFO:IP from Country: MX
2024-03-11 11:44:21,577:binance_c2c:INFO:Message sent
2024-03-11 11:44:26,563:binance_c2c:INFO:Message sent
2024-03-11 11:49:56,926:common_utils:INFO:Updated server timestamp: 1710182997458
2024-03-11 11:51:02,535:binance_c2c:INFO:Message sent
2024-03-11 11:51:07,544:binance_c2c:INFO:Message sent
2024-03-11 11:51:07,544:binance_c2c:INFO:Message sent
2024-03-11 11:51:10,980:verify_client_ip:WARNING:Attempt 1: Could not fetch the IP. Retrying...
2024-03-11 11:51:14,332:ip_info_io:INFO:Getting IP details for: 216.238.87.201
2024-03-11 11:51:14,644:verify_client_ip:INFO:IP from Country: MX
2024-03-11 11:54:22,074:verify_client_ip:WARNING:Attempt 1: Could not fetch the IP. Retrying...
2024-03-11 11:54:25,490:verify_client_ip:WARNING:Attempt 2: Could not fetch the IP. Retrying...
2024-03-11 11:54:29,351:ip_info_io:INFO:Getting IP details for: 187.189.173.239
2024-03-11 11:54:29,639:verify_client_ip:INFO:IP from Country: MX
2024-03-11 11:54:29,655:binance_bank_deposit:INFO:Amount to deposit: 10000.0
2024-03-11 11:54:29,655:binance_bank_deposit:INFO:Buyer bank condition: AND LOWER(a.account_bank_name) NOT LIKE '%bbva%'
2024-03-11 11:54:29,655:binance_bank_deposit:INFO:Found 7 suitable accounts for order 20600579262958542848
2024-03-11 11:54:29,655:binance_bank_deposit:INFO:Suitable accounts: [('710969000007300927', 'Nvio'), ('058597000054265356', 'Banregio'), ('710969000016348705', 'Nvio'), ('058597000056476091', 'Banregio'), ('646180204200033494', 'STP'), ('646180146006124571', 'STP'), ('710969000015306104', 'Nvio')]
2024-03-11 11:54:29,655:binance_bank_deposit:INFO:Total after deposit for buyer 'MENDOZA MARTINEZ RENE' on account 710969000007300927: 10000.0
2024-03-11 11:54:29,655:binance_bank_deposit:INFO:The deposit does not exceed the buyer's monthly limit of 70000.00.
2024-03-11 11:54:29,680:binance_c2c:INFO:Message sent
2024-03-11 11:54:34,691:binance_c2c:INFO:Message sent
2024-03-11 11:54:39,689:binance_c2c:INFO:Message sent
2024-03-11 11:56:43,106:binance_c2c:INFO:Message sent
2024-03-11 11:56:48,110:binance_c2c:INFO:Message sent
2024-03-11 11:56:48,110:binance_c2c:INFO:Message sent
2024-03-11 11:56:51,500:googleapiclient.discovery_cache:INFO:file_cache is only supported with oauth2client<4.0.0
2024-03-11 11:56:52,354:ip_info_io:INFO:Getting IP details for: 148.244.91.35
2024-03-11 11:56:52,636:verify_client_ip:INFO:IP from Country: MX
2024-03-11 12:01:35,446:binance_c2c:INFO:Message sent
2024-03-11 12:02:04,017:binance_c2c:INFO:Message sent
2024-03-11 12:02:09,026:binance_c2c:INFO:Message sent
2024-03-11 12:06:02,365:binance_c2c:INFO:Message sent
2024-03-11 12:06:07,364:binance_c2c:INFO:Message sent
2024-03-11 12:08:12,455:binance_c2c:INFO:Message sent
2024-03-11 12:08:17,476:binance_c2c:INFO:Message sent
2024-03-11 12:09:39,233:binance_c2c:INFO:Message sent
2024-03-11 12:09:45,989:binance_orders:INFO:Missing balance for BTC: 0.008082689999999976
2024-03-11 12:09:46,242:binance_wallets:INFO:Order successfully placed: {'symbol': 'BTCUSDT', 'orderId': 25548955445, 'orderListId': -1, 'clientOrderId': 'bV42Zha5PXRJtTzjnDHS0d', 'transactTime': 1710184186784, 'price': '0.00000000', 'origQty': '0.00810000', 'executedQty': '0.00810000', 'cummulativeQuoteQty': '588.35168100', 'status': 'FILLED', 'timeInForce': 'GTC', 'type': 'MARKET', 'side': 'BUY', 'workingTime': 1710184186784, 'fills': [{'price': '72636.01000000', 'qty': '0.00810000', 'commission': '0.00000810', 'commissionAsset': 'BTC', 'tradeId': 3475023176}], 'selfTradePreventionMode': 'EXPIRE_MAKER'}
2024-03-11 12:14:10,000:binance_c2c:INFO:Message sent
2024-03-11 12:19:57,176:common_utils:INFO:Updated server timestamp: 1710184797709
2024-03-11 12:29:09,536:binance_c2c:INFO:Message sent
2024-03-11 12:34:01,905:binance_c2c:INFO:Message sent
2024-03-11 12:41:02,824:binance_c2c:INFO:Message sent
2024-03-11 12:41:07,826:binance_c2c:INFO:Message sent
2024-03-11 12:41:07,826:binance_c2c:INFO:Message sent
2024-03-11 12:41:10,855:googleapiclient.discovery_cache:INFO:file_cache is only supported with oauth2client<4.0.0
2024-03-11 12:41:11,785:ip_info_io:INFO:Getting IP details for: 189.217.104.253
2024-03-11 12:41:12,066:verify_client_ip:INFO:IP from Country: MX
2024-03-11 12:42:29,398:binance_c2c:INFO:Message sent
2024-03-11 12:42:29,399:binance_c2c:INFO:Message sent
2024-03-11 12:42:48,850:binance_c2c:INFO:Message sent
2024-03-11 12:42:53,478:binance_c2c:INFO:Message sent
2024-03-11 12:42:59,116:binance_c2c:INFO:Message sent
2024-03-11 12:43:07,802:binance_c2c:INFO:Message sent
2024-03-11 12:43:13,846:binance_bank_deposit:INFO:Amount to deposit: 50000.0
2024-03-11 12:43:13,846:binance_bank_deposit:INFO:Buyer bank condition: AND LOWER(a.account_bank_name) = ?
2024-03-11 12:43:13,852:binance_bank_deposit:INFO:Found 1 suitable accounts for order 20600591023721263104
2024-03-11 12:43:13,852:binance_bank_deposit:INFO:Suitable accounts: [('014761655091416464', 'Santander')]
2024-03-11 12:43:13,852:binance_bank_deposit:INFO:Total after deposit for buyer 'MUOZ URQUIZA JORGE' on account 014761655091416464: 50000.0
2024-03-11 12:43:13,852:binance_bank_deposit:INFO:The deposit does not exceed the buyer's monthly limit of 70000.00.
2024-03-11 12:43:13,863:binance_c2c:INFO:Message sent
2024-03-11 12:43:18,873:binance_c2c:INFO:Message sent
2024-03-11 12:43:23,888:binance_c2c:INFO:Message sent
2024-03-11 12:45:48,865:binance_c2c:INFO:Message sent
2024-03-11 12:45:53,874:binance_c2c:INFO:Message sent
2024-03-11 12:45:53,874:binance_c2c:INFO:Message sent
2024-03-11 12:45:57,769:fetch_outlook:WARNING:Token expires in: 2024-03-11 13:45:57.769136
2024-03-11 12:45:58,168:ip_info_io:INFO:Getting IP details for: 189.132.95.21
2024-03-11 12:45:58,465:verify_client_ip:INFO:IP from Country: MX
2024-03-11 12:45:58,777:binance_c2c:INFO:Message sent
2024-03-11 12:46:03,782:binance_c2c:INFO:Message sent
2024-03-11 12:46:58,179:binance_c2c:INFO:Message sent
2024-03-11 12:47:44,473:binance_c2c:INFO:Message sent
2024-03-11 12:48:33,117:binance_c2c:INFO:Message sent
2024-03-11 12:48:40,345:binance_orders:INFO:Missing balance for BTC: 0.04052572999999998
2024-03-11 12:48:40,588:binance_wallets:ERROR:Failed to place order: {"code":-2010,"msg":"Account has insufficient balance for requested action."}
2024-03-11 12:49:01,521:binance_c2c:INFO:Message sent
2024-03-11 12:49:20,858:binance_c2c:INFO:Message sent
2024-03-11 12:49:57,511:common_utils:INFO:Updated server timestamp: 1710186598044
2024-03-11 12:52:24,362:binance_c2c:INFO:Message sent
2024-03-11 12:52:29,374:binance_c2c:INFO:Message sent
2024-03-11 12:52:29,374:binance_c2c:INFO:Message sent
2024-03-11 12:52:32,367:googleapiclient.discovery_cache:INFO:file_cache is only supported with oauth2client<4.0.0
2024-03-11 12:52:33,228:ip_info_io:INFO:Getting IP details for: 181.117.166.159
2024-03-11 12:52:33,525:verify_client_ip:INFO:IP from Country: AR
2024-03-11 12:52:33,525:binance_c2c:INFO:Message sent
2024-03-11 12:52:53,241:binance_c2c:INFO:Message sent
2024-03-11 12:52:58,258:binance_c2c:INFO:Message sent
2024-03-11 12:52:58,258:binance_c2c:INFO:Message sent
2024-03-11 12:53:01,806:verify_client_ip:WARNING:Attempt 1: Could not fetch the IP. Retrying...
2024-03-11 12:53:06,048:ip_info_io:INFO:Getting IP details for: 187.198.145.219
2024-03-11 12:53:06,989:verify_client_ip:INFO:IP from Country: MX
2024-03-11 12:54:07,959:binance_c2c:INFO:Message sent
2024-03-11 12:58:34,648:binance_c2c:INFO:Message sent
2024-03-11 12:58:39,666:binance_c2c:INFO:Message sent
2024-03-11 12:58:39,666:binance_c2c:INFO:Message sent
2024-03-11 12:58:43,106:ip_info_io:INFO:Getting IP details for: 187.190.154.170
2024-03-11 12:58:43,415:verify_client_ip:INFO:IP from Country: MX
2024-03-11 12:58:59,715:binance_c2c:INFO:Message sent
2024-03-11 12:59:06,681:binance_c2c:INFO:Message sent
2024-03-11 12:59:14,256:binance_c2c:INFO:Message sent
2024-03-11 12:59:20,927:binance_c2c:INFO:Message sent
2024-03-11 12:59:28,379:binance_bank_deposit:INFO:Amount to deposit: 2000.0
2024-03-11 12:59:28,379:binance_bank_deposit:INFO:Buyer bank condition: AND LOWER(a.account_bank_name) = ?
2024-03-11 12:59:28,382:binance_bank_deposit:INFO:Found 2 suitable accounts for order 20600595434666328064
2024-03-11 12:59:28,382:binance_bank_deposit:INFO:Suitable accounts: [('1593999048', 'BBVA'), ('1532335128', 'BBVA')]
2024-03-11 12:59:28,382:binance_bank_deposit:INFO:Total after deposit for buyer 'NATIVIDAD MORENO LUIS ALBERTO' on account 1593999048: 2000.0
2024-03-11 12:59:28,382:binance_bank_deposit:INFO:The deposit does not exceed the buyer's monthly limit of 70000.00.
2024-03-11 12:59:28,401:binance_c2c:INFO:Message sent
2024-03-11 12:59:33,381:binance_c2c:INFO:Message sent
2024-03-11 12:59:38,390:binance_c2c:INFO:Message sent
2024-03-11 13:00:48,344:binance_c2c:INFO:Message sent
2024-03-11 13:01:18,458:binance_c2c:INFO:Message sent
2024-03-11 13:02:29,324:binance_c2c:INFO:Message sent
2024-03-11 13:02:34,329:binance_c2c:INFO:Message sent
2024-03-11 13:04:39,379:binance_c2c:INFO:Message sent
2024-03-11 13:04:46,400:binance_orders:INFO:Missing balance for BTC: 0.04214735999999997
2024-03-11 13:04:46,637:binance_wallets:ERROR:Failed to place order: {"code":-2010,"msg":"Account has insufficient balance for requested action."}
2024-03-11 13:07:23,918:binance_c2c:INFO:Message sent
2024-03-11 13:07:52,804:binance_c2c:INFO:Message sent
2024-03-11 13:07:57,811:binance_c2c:INFO:Message sent
2024-03-11 13:19:57,843:common_utils:INFO:Updated server timestamp: 1710188398379
2024-03-11 13:28:13,691:binance_c2c:INFO:Message sent
2024-03-11 13:28:18,708:binance_c2c:INFO:Message sent
2024-03-11 13:28:18,710:binance_c2c:INFO:Message sent
2024-03-11 13:28:22,088:googleapiclient.discovery_cache:INFO:file_cache is only supported with oauth2client<4.0.0
2024-03-11 13:28:22,871:ip_info_io:INFO:Getting IP details for: 187.189.155.127
2024-03-11 13:28:23,184:verify_client_ip:INFO:IP from Country: MX
2024-03-11 13:29:01,034:binance_c2c:INFO:Message sent
2024-03-11 13:29:06,573:binance_c2c:INFO:Message sent
2024-03-11 13:29:13,121:binance_c2c:INFO:Message sent
2024-03-11 13:29:20,207:binance_c2c:INFO:Message sent
2024-03-11 13:29:28,793:binance_bank_deposit:INFO:Amount to deposit: 4900.0
2024-03-11 13:29:28,793:binance_bank_deposit:INFO:Buyer bank condition: AND LOWER(a.account_bank_name) = ?
2024-03-11 13:29:28,806:binance_bank_deposit:INFO:Found 1 suitable accounts for order 20600602897746624512
2024-03-11 13:29:28,806:binance_bank_deposit:INFO:Suitable accounts: [('1532335128', 'BBVA')]
2024-03-11 13:29:28,815:binance_bank_deposit:INFO:Total after deposit for buyer 'MENCHACA CASTANEDA AZAEL' on account 1532335128: 4900.0
2024-03-11 13:29:28,815:binance_bank_deposit:INFO:The deposit does not exceed the buyer's monthly limit of 70000.00.
2024-03-11 13:29:28,822:binance_c2c:INFO:Message sent
2024-03-11 13:29:33,824:binance_c2c:INFO:Message sent
2024-03-11 13:29:38,835:binance_c2c:INFO:Message sent
2024-03-11 13:32:31,154:binance_c2c:INFO:Message sent
2024-03-11 13:34:37,621:binance_c2c:INFO:Message sent
2024-03-11 13:34:42,620:binance_c2c:INFO:Message sent
2024-03-11 13:37:30,986:binance_c2c:INFO:Message sent
2024-03-11 13:37:37,660:binance_orders:INFO:Missing balance for ETH: 0.07023621000000002
2024-03-11 13:37:37,919:binance_wallets:INFO:Order successfully placed: {'symbol': 'ETHUSDT', 'orderId': 16503981925, 'orderListId': -1, 'clientOrderId': 'jUdPS29ucldWewWDYgVFor', 'transactTime': 1710189458454, 'price': '0.00000000', 'origQty': '0.07020000', 'executedQty': '0.07020000', 'cummulativeQuoteQty': '282.97690200', 'status': 'FILLED', 'timeInForce': 'GTC', 'type': 'MARKET', 'side': 'BUY', 'workingTime': 1710189458454, 'fills': [{'price': '4031.01000000', 'qty': '0.07020000', 'commission': '0.00007020', 'commissionAsset': 'ETH', 'tradeId': 1344843241}], 'selfTradePreventionMode': 'EXPIRE_MAKER'}
2024-03-11 13:44:53,896:binance_c2c:INFO:Message sent
2024-03-11 13:44:58,896:binance_c2c:INFO:Message sent
2024-03-11 13:45:46,509:binance_c2c:INFO:Message sent
2024-03-11 13:45:51,510:binance_c2c:INFO:Message sent
2024-03-11 13:46:57,776:binance_c2c:INFO:Message sent
2024-03-11 13:48:05,559:binance_c2c:INFO:Message sent
2024-03-11 13:48:10,572:binance_c2c:INFO:Message sent
2024-03-11 13:49:58,314:common_utils:INFO:Updated server timestamp: 1710190198851
2024-03-11 14:19:59,000:common_utils:INFO:Updated server timestamp: 1710191999449
2024-03-11 14:49:59,406:common_utils:INFO:Updated server timestamp: 1710193799946
2024-03-11 15:07:43,216:fetch_outlook:WARNING:Token expires in: 2024-03-11 16:07:43.216223
2024-03-11 15:07:43,800:verify_client_ip:WARNING:Attempt 1: Could not fetch the IP. Retrying...
2024-03-11 15:07:47,510:ip_info_io:INFO:Getting IP details for: 187.190.166.143
2024-03-11 15:07:47,848:verify_client_ip:INFO:IP from Country: MX
2024-03-11 15:07:47,848:binance_bank_deposit:INFO:Amount to deposit: 5000.0
2024-03-11 15:07:47,848:binance_bank_deposit:INFO:Buyer bank condition: AND LOWER(a.account_bank_name) NOT LIKE '%bbva%'
2024-03-11 15:07:47,848:binance_bank_deposit:INFO:Found 8 suitable accounts for order 20600627920194818048
2024-03-11 15:07:47,848:binance_bank_deposit:INFO:Suitable accounts: [('058597000054265356', 'Banregio'), ('710969000016348705', 'Nvio'), ('710969000007300927', 'Nvio'), ('058597000056476091', 'Banregio'), ('646180204200033494', 'STP'), ('646180146006124571', 'STP'), ('710969000015306104', 'Nvio'), ('014761655091416464', 'Santander')]
2024-03-11 15:07:47,864:binance_bank_deposit:INFO:Total after deposit for buyer 'DELGADO BONILLA RAFAEL ALEJANDRO' on account 058597000054265356: 5000.0
2024-03-11 15:07:47,864:binance_bank_deposit:INFO:The deposit does not exceed the buyer's monthly limit of 70000.00.
2024-03-11 15:07:47,883:binance_c2c:INFO:Message sent
2024-03-11 15:07:52,876:binance_c2c:INFO:Message sent
2024-03-11 15:07:57,877:binance_c2c:INFO:Message sent
2024-03-11 15:10:37,526:binance_c2c:INFO:Message sent
2024-03-11 15:10:42,558:binance_c2c:INFO:Message sent
2024-03-11 15:10:47,561:binance_c2c:INFO:Message sent
2024-03-11 15:13:08,597:binance_c2c:INFO:Message sent
2024-03-11 15:13:15,353:binance_orders:INFO:Missing balance for BTC: 0.004013380000000011
2024-03-11 15:13:15,607:binance_wallets:INFO:Order successfully placed: {'symbol': 'BTCUSDT', 'orderId': 25551513124, 'orderListId': -1, 'clientOrderId': 'gs6DwXIHRStsaCtBC9Ojkv', 'transactTime': 1710195196154, 'price': '0.00000000', 'origQty': '0.00400000', 'executedQty': '0.00400000', 'cummulativeQuoteQty': '290.24796000', 'status': 'FILLED', 'timeInForce': 'GTC', 'type': 'MARKET', 'side': 'BUY', 'workingTime': 1710195196154, 'fills': [{'price': '72561.99000000', 'qty': '0.00400000', 'commission': '0.00000400', 'commissionAsset': 'BTC', 'tradeId': 3475256839}], 'selfTradePreventionMode': 'EXPIRE_MAKER'}
2024-03-11 15:19:59,662:common_utils:INFO:Updated server timestamp: 1710195600206
2024-03-11 15:31:40,634:googleapiclient.discovery_cache:INFO:file_cache is only supported with oauth2client<4.0.0
2024-03-11 15:31:43,039:ip_info_io:INFO:Getting IP details for: 189.131.38.21
2024-03-11 15:31:43,382:verify_client_ip:INFO:IP from Country: MX
2024-03-11 15:31:43,382:binance_bank_deposit:INFO:Amount to deposit: 10000.0
2024-03-11 15:31:43,382:binance_bank_deposit:INFO:Buyer bank condition: AND LOWER(a.account_bank_name) NOT LIKE '%bbva%'
2024-03-11 15:31:43,382:binance_bank_deposit:INFO:Found 7 suitable accounts for order 20600633949859360768
2024-03-11 15:31:43,398:binance_bank_deposit:INFO:Suitable accounts: [('710969000016348705', 'Nvio'), ('710969000007300927', 'Nvio'), ('058597000056476091', 'Banregio'), ('646180204200033494', 'STP'), ('646180146006124571', 'STP'), ('710969000015306104', 'Nvio'), ('014761655091416464', 'Santander')]
2024-03-11 15:31:43,398:binance_bank_deposit:INFO:Total after deposit for buyer 'CASTRO CORTES RICARDO' on account 710969000016348705: 10000.0
2024-03-11 15:31:43,398:binance_bank_deposit:INFO:The deposit does not exceed the buyer's monthly limit of 70000.00.
2024-03-11 15:31:43,414:binance_c2c:INFO:Message sent
2024-03-11 15:31:48,421:binance_c2c:INFO:Message sent
2024-03-11 15:31:53,439:binance_c2c:INFO:Message sent
2024-03-11 15:34:00,744:binance_c2c:INFO:Message sent
2024-03-11 15:34:05,765:binance_c2c:INFO:Message sent
2024-03-11 15:36:25,129:binance_c2c:INFO:Message sent
2024-03-11 15:37:08,754:binance_c2c:INFO:Message sent
2024-03-11 15:37:15,505:binance_orders:INFO:Missing balance for ETH: 0.1426458599999999
2024-03-11 15:37:15,765:binance_wallets:INFO:Order successfully placed: {'symbol': 'ETHUSDT', 'orderId': 16504817378, 'orderListId': -1, 'clientOrderId': 'YUky3M21sff1UhNf7qisBY', 'transactTime': 1710196636309, 'price': '0.00000000', 'origQty': '0.14260000', 'executedQty': '0.14260000', 'cummulativeQuoteQty': '579.09860000', 'status': 'FILLED', 'timeInForce': 'GTC', 'type': 'MARKET', 'side': 'BUY', 'workingTime': 1710196636309, 'fills': [{'price': '4061.00000000', 'qty': '0.14260000', 'commission': '0.00014260', 'commissionAsset': 'ETH', 'tradeId': 1344909199}], 'selfTradePreventionMode': 'EXPIRE_MAKER'}
2024-03-11 15:40:56,154:binance_c2c:INFO:Message sent
2024-03-11 15:40:56,154:binance_c2c:INFO:Message sent
2024-03-11 15:53:36,623:common_utils:INFO:Updated server timestamp: 1710197617171
2024-03-11 15:53:36,883:common_utils:INFO:Updated server timestamp: 1710197617430
2024-03-11 16:09:14,131:binance_c2c:INFO:Message sent
2024-03-11 16:09:19,131:binance_c2c:INFO:Message sent
2024-03-11 16:09:19,131:binance_c2c:INFO:Message sent
2024-03-11 16:09:22,171:googleapiclient.discovery_cache:INFO:file_cache is only supported with oauth2client<4.0.0
2024-03-11 16:09:23,038:ip_info_io:INFO:Getting IP details for: 187.189.127.237
2024-03-11 16:09:23,434:verify_client_ip:INFO:IP from Country: MX
2024-03-11 16:11:04,221:binance_c2c:INFO:Message sent
2024-03-11 16:11:17,540:binance_c2c:INFO:Message sent
2024-03-11 16:11:45,381:binance_c2c:INFO:Message sent
2024-03-11 16:12:16,859:binance_c2c:INFO:Message sent
2024-03-11 16:12:36,220:binance_bank_deposit:INFO:Amount to deposit: 16048.0
2024-03-11 16:12:36,227:binance_bank_deposit:INFO:Buyer bank condition: AND LOWER(a.account_bank_name) = ?
2024-03-11 16:12:36,246:binance_bank_deposit:INFO:Found 1 suitable accounts for order 20600643415743692800
2024-03-11 16:12:36,246:binance_bank_deposit:INFO:Suitable accounts: [('014761655091416464', 'Santander')]
2024-03-11 16:12:36,258:binance_bank_deposit:INFO:Total after deposit for buyer 'ANAYA TELLEZ JUANA MARIA' on account 014761655091416464: 16048.0
2024-03-11 16:12:36,263:binance_bank_deposit:INFO:The deposit does not exceed the buyer's monthly limit of 70000.00.
2024-03-11 16:12:36,274:binance_c2c:INFO:Message sent
2024-03-11 16:12:41,291:binance_c2c:INFO:Message sent
2024-03-11 16:12:46,300:binance_c2c:INFO:Message sent
2024-03-11 16:15:55,758:binance_c2c:INFO:Message sent
2024-03-11 16:16:00,751:binance_c2c:INFO:Message sent
2024-03-11 16:23:37,219:common_utils:INFO:Updated server timestamp: 1710199417772
2024-03-11 16:28:04,845:binance_c2c:INFO:Message sent
2024-03-11 16:28:09,861:binance_c2c:INFO:Message sent
2024-03-11 16:28:09,861:binance_c2c:INFO:Message sent
2024-03-11 16:28:13,456:fetch_outlook:WARNING:Token expires in: 2024-03-11 17:28:13.456955
2024-03-11 16:28:13,933:ip_info_io:INFO:Getting IP details for: 189.203.252.251
2024-03-11 16:28:14,290:verify_client_ip:INFO:IP from Country: MX
2024-03-11 16:30:41,028:binance_c2c:INFO:Message sent
2024-03-11 16:30:46,025:binance_c2c:INFO:Message sent
2024-03-11 16:30:46,025:binance_c2c:INFO:Message sent
2024-03-11 16:30:49,544:googleapiclient.discovery_cache:INFO:file_cache is only supported with oauth2client<4.0.0
2024-03-11 16:30:50,364:ip_info_io:INFO:Getting IP details for: 200.68.159.18
2024-03-11 16:30:50,764:verify_client_ip:INFO:IP from Country: MX
2024-03-11 16:32:47,481:binance_c2c:INFO:Message sent
2024-03-11 16:32:52,478:binance_c2c:INFO:Message sent
2024-03-11 16:34:13,889:binance_c2c:INFO:Message sent
2024-03-11 16:37:29,794:binance_c2c:INFO:Message sent
2024-03-11 16:37:34,805:binance_c2c:INFO:Message sent
2024-03-11 16:43:04,333:binance_c2c:INFO:Message sent
2024-03-11 16:43:09,336:binance_c2c:INFO:Message sent
2024-03-11 16:53:38,184:common_utils:INFO:Updated server timestamp: 1710201218471
2024-03-11 17:02:23,407:binance_c2c:INFO:Message sent
2024-03-11 17:02:30,310:binance_orders:INFO:Missing balance for ETH: 0.22851420999999994
2024-03-11 17:02:30,561:binance_wallets:INFO:Order successfully placed: {'symbol': 'ETHUSDT', 'orderId': 16505669130, 'orderListId': -1, 'clientOrderId': 'fA9DGBvNFoWjcDcYSvC6RL', 'transactTime': 1710201751126, 'price': '0.00000000', 'origQty': '0.22850000', 'executedQty': '0.22850000', 'cummulativeQuoteQty': '929.47630500', 'status': 'FILLED', 'timeInForce': 'GTC', 'type': 'MARKET', 'side': 'BUY', 'workingTime': 1710201751126, 'fills': [{'price': '4067.73000000', 'qty': '0.22850000', 'commission': '0.00022850', 'commissionAsset': 'ETH', 'tradeId': 1344971412}], 'selfTradePreventionMode': 'EXPIRE_MAKER'}
2024-03-11 17:23:38,714:common_utils:INFO:Updated server timestamp: 1710203019283
2024-03-11 17:30:27,105:binance_c2c:INFO:Message sent
2024-03-11 17:30:32,113:binance_c2c:INFO:Message sent
2024-03-11 17:30:32,113:binance_c2c:INFO:Message sent
2024-03-11 17:30:35,784:fetch_outlook:WARNING:Token expires in: 2024-03-11 18:30:35.784516
2024-03-11 17:30:36,208:ip_info_io:INFO:Getting IP details for: 187.189.92.198
2024-03-11 17:30:36,567:verify_client_ip:INFO:IP from Country: MX
2024-03-11 17:45:26,721:binance_c2c:INFO:Message sent
2024-03-11 17:45:31,733:binance_c2c:INFO:Message sent
2024-03-11 17:50:15,989:binance_search_ad:ERROR:An error occurred: Cannot connect to host api.binance.com:443 ssl:default [getaddrinfo failed]
2024-03-11 17:50:15,989:binance_search_ad:INFO:Attempt 1/3 failed, retrying after delay...
2024-03-11 17:50:17,993:binance_search_ad:ERROR:An error occurred: Cannot connect to host api.binance.com:443 ssl:default [getaddrinfo failed]
2024-03-11 17:50:17,994:binance_search_ad:INFO:Attempt 2/3 failed, retrying after delay...
2024-03-11 17:50:33,135:binance_search_ad:ERROR:An error occurred: Cannot connect to host api.binance.com:443 ssl:default [getaddrinfo failed]
2024-03-11 17:50:33,135:binance_search_ad:ERROR:Maximum retry attempts reached, failing...
2024-03-11 17:50:33,135:binance_api:ERROR:Failed to fetch ads data.
2024-03-11 17:50:33,135:binance_update_ads:ERROR:Failed to fetch ads data for asset_type BTC, fiat MXN, transAmount 5000.0, and payTypes [].
2024-03-11 17:50:33,144:binance_search_ad:ERROR:An error occurred: Cannot connect to host api.binance.com:443 ssl:default [getaddrinfo failed]
2024-03-11 17:50:33,144:binance_search_ad:INFO:Attempt 1/3 failed, retrying after delay...
2024-03-11 17:50:35,154:binance_search_ad:ERROR:An error occurred: Cannot connect to host api.binance.com:443 ssl:default [getaddrinfo failed]
2024-03-11 17:50:35,159:binance_search_ad:INFO:Attempt 2/3 failed, retrying after delay...
2024-03-11 17:50:44,239:binance_search_ad:ERROR:An error occurred: Cannot connect to host api.binance.com:443 ssl:default [getaddrinfo failed]
2024-03-11 17:50:44,239:binance_search_ad:ERROR:Maximum retry attempts reached, failing...
2024-03-11 17:50:44,242:binance_api:ERROR:Failed to fetch ads data.
2024-03-11 17:50:44,243:binance_update_ads:ERROR:Failed to fetch ads data for asset_type BTC, fiat MXN, transAmount 5000.0, and payTypes [].
2024-03-11 17:50:46,268:binance_search_ad:ERROR:An error occurred: Cannot connect to host api.binance.com:443 ssl:default [getaddrinfo failed]
2024-03-11 17:50:46,268:binance_search_ad:INFO:Attempt 1/3 failed, retrying after delay...
2024-03-11 17:50:48,270:binance_search_ad:ERROR:An error occurred: Cannot connect to host api.binance.com:443 ssl:default [getaddrinfo failed]
2024-03-11 17:50:48,270:binance_search_ad:INFO:Attempt 2/3 failed, retrying after delay...
2024-03-11 17:50:57,373:binance_search_ad:ERROR:An error occurred: Cannot connect to host api.binance.com:443 ssl:default [getaddrinfo failed]
2024-03-11 17:50:57,373:binance_search_ad:ERROR:Maximum retry attempts reached, failing...
2024-03-11 17:50:57,373:binance_api:ERROR:Failed to fetch ads data.
2024-03-11 17:50:57,373:binance_update_ads:ERROR:Failed to fetch ads data for asset_type USDT, fiat MXN, transAmount 30000.0, and payTypes ['BBVABank'].
2024-03-11 17:50:57,387:binance_search_ad:ERROR:An error occurred: Cannot connect to host api.binance.com:443 ssl:default [getaddrinfo failed]
2024-03-11 17:50:57,387:binance_search_ad:INFO:Attempt 1/3 failed, retrying after delay...
2024-03-11 17:50:59,386:binance_search_ad:ERROR:An error occurred: Cannot connect to host api.binance.com:443 ssl:default [getaddrinfo failed]
2024-03-11 17:50:59,386:binance_search_ad:INFO:Attempt 2/3 failed, retrying after delay...
2024-03-11 17:51:08,495:binance_search_ad:ERROR:An error occurred: Cannot connect to host api.binance.com:443 ssl:default [getaddrinfo failed]
2024-03-11 17:51:08,495:binance_search_ad:ERROR:Maximum retry attempts reached, failing...
2024-03-11 17:51:08,496:binance_api:ERROR:Failed to fetch ads data.
2024-03-11 17:51:08,496:binance_update_ads:ERROR:Failed to fetch ads data for asset_type USDT, fiat MXN, transAmount 30000.0, and payTypes ['BBVABank'].
2024-03-11 17:51:10,505:binance_search_ad:ERROR:An error occurred: Cannot connect to host api.binance.com:443 ssl:default [getaddrinfo failed]
2024-03-11 17:51:10,505:binance_search_ad:INFO:Attempt 1/3 failed, retrying after delay...
2024-03-11 17:51:12,514:binance_search_ad:ERROR:An error occurred: Cannot connect to host api.binance.com:443 ssl:default [getaddrinfo failed]
2024-03-11 17:51:12,514:binance_search_ad:INFO:Attempt 2/3 failed, retrying after delay...
2024-03-11 17:51:16,521:binance_search_ad:ERROR:An error occurred: Cannot connect to host api.binance.com:443 ssl:default [getaddrinfo failed]
2024-03-11 17:51:16,521:binance_search_ad:ERROR:Maximum retry attempts reached, failing...
2024-03-11 17:51:16,526:binance_api:ERROR:Failed to fetch ads data.
2024-03-11 17:51:16,526:binance_update_ads:ERROR:Failed to fetch ads data for asset_type USDT, fiat MXN, transAmount 500.0, and payTypes ['OXXO'].
2024-03-11 17:51:18,528:binance_search_ad:ERROR:An error occurred: Cannot connect to host api.binance.com:443 ssl:default [getaddrinfo failed]
2024-03-11 17:51:18,532:binance_search_ad:INFO:Attempt 1/3 failed, retrying after delay...
2024-03-11 17:51:20,545:binance_search_ad:ERROR:An error occurred: Cannot connect to host api.binance.com:443 ssl:default [getaddrinfo failed]
2024-03-11 17:51:20,545:binance_search_ad:INFO:Attempt 2/3 failed, retrying after delay...
2024-03-11 17:51:35,664:binance_search_ad:ERROR:An error occurred: Cannot connect to host api.binance.com:443 ssl:default [getaddrinfo failed]
2024-03-11 17:51:35,664:binance_search_ad:ERROR:Maximum retry attempts reached, failing...
2024-03-11 17:51:35,664:binance_api:ERROR:Failed to fetch ads data.
2024-03-11 17:51:35,664:binance_update_ads:ERROR:Failed to fetch ads data for asset_type ETH, fiat MXN, transAmount 5000.0, and payTypes [].
2024-03-11 17:52:17,861:__main__:ERROR:KeyboardInterrupt received. Exiting...
2024-03-11 17:52:17,978:asyncio:ERROR:Unclosed client session
client_session: <aiohttp.client.ClientSession object at 0x000001BE0E6BA140>
2024-03-11 17:52:17,980:asyncio:ERROR:Unclosed client session
client_session: <aiohttp.client.ClientSession object at 0x000001BE0E6BBE80>
2024-03-11 17:52:56,779:common_utils:INFO:Updated server timestamp: 1710204777348
2024-03-11 17:52:57,029:common_utils:INFO:Updated server timestamp: 1710204777610
2024-03-11 17:56:31,051:binance_search_ad:ERROR:An error occurred: Cannot connect to host api.binance.com:443 ssl:default [getaddrinfo failed]
2024-03-11 17:56:31,051:binance_search_ad:INFO:Attempt 1/3 failed, retrying after delay...
2024-03-11 17:56:33,061:binance_search_ad:ERROR:An error occurred: Cannot connect to host api.binance.com:443 ssl:default [getaddrinfo failed]
2024-03-11 17:56:33,061:binance_search_ad:INFO:Attempt 2/3 failed, retrying after delay...
2024-03-11 17:57:35,504:common_utils:INFO:Updated server timestamp: 1710205056079
2024-03-11 17:57:36,041:common_utils:INFO:Updated server timestamp: 1710205056612
